#
# A fatal error has been detected by the Java Runtime Environment:
#
#  EXCEPTION_ACCESS_VIOLATION (0xc0000005) at pc=0x00007ffdcf766730, pid=10392, tid=8332
#
# JRE version: Java(TM) SE Runtime Environment (13.0.2+8) (build 13.0.2+8)
# Java VM: Java HotSpot(TM) 64-Bit Server VM (13.0.2+8, mixed mode, sharing, tiered, compressed oops, g1 gc, windows-amd64)
# Problematic frame:
# C  [glass.dll+0x26730]
#
# No core dump will be written. Minidumps are not enabled by default on client versions of Windows
#
# If you would like to submit a bug report, please visit:
#   http://bugreport.java.com/bugreport/crash.jsp
#

---------------  S U M M A R Y ------------

Command Line: -javaagent:D:\Soft for Develope\IntelliJ IDEA 2021.2.3 Ultimate\IntelliJ IDEA 2021.2.3\lib\idea_rt.jar=51970:D:\Soft for Develope\IntelliJ IDEA 2021.2.3 Ultimate\IntelliJ IDEA 2021.2.3\bin -Dfile.encoding=UTF-8 --module-path=C:\Users\Никита\.m2\repository\org\controlsfx\controlsfx\11.1.0\controlsfx-11.1.0.jar;C:\Users\Никита\.m2\repository\net\synedra\validatorfx\0.1.13\validatorfx-0.1.13.jar;C:\Users\Никита\.m2\repository\org\openjfx\javafx-graphics\11-ea+24\javafx-graphics-11-ea+24-win.jar;C:\Users\Никита\.m2\repository\org\openjfx\javafx-base\11-ea+24\javafx-base-11-ea+24-win.jar;C:\Users\Никита\.m2\repository\com\dlsc\formsfx\formsfx-core\11.3.2\formsfx-core-11.3.2.jar;C:\Users\Никита\.m2\repository\org\kordamp\bootstrapfx\bootstrapfx-core\0.4.0\bootstrapfx-core-0.4.0.jar;C:\Users\Никита\.m2\repository\org\openjfx\javafx-fxml\13.0.2\javafx-fxml-13.0.2-win.jar;C:\Users\Никита\.m2\repository\org\openjfx\javafx-controls\13.0.2\javafx-controls-13.0.2-win.jar;D:\Application\IdeaProjects\javaFX\Учет пациентов в поликлинике\target\classes -Djdk.module.main=com.example.polyclinic com.example.polyclinic/controllers.MainClient

Host: Intel(R) Core(TM) i5-1035G1 CPU @ 1.00GHz, 8 cores, 7G,  Windows 10 , 64 bit Build 19041 (10.0.19041.1889)
Time: Mon Oct 10 13:32:57 2022 RTZ 2 (зима) elapsed time: 78 seconds (0d 0h 1m 18s)

---------------  T H R E A D  ---------------

Current thread (0x000001ac9d60e800):  VMThread "VM Thread" [stack: 0x0000009a5f900000,0x0000009a5fa00000] [id=8332]

Stack: [0x0000009a5f900000,0x0000009a5fa00000],  sp=0x0000009a5f9ff020,  free space=1020k
Native frames: (J=compiled Java code, j=interpreted, Vv=VM code, C=native code)
C  [glass.dll+0x26730]


siginfo: EXCEPTION_ACCESS_VIOLATION (0xc0000005), reading address 0x0000000000000000


Register to memory mapping:

RIP=0x00007ffdcf766730 glass.dll
RAX=0x0 is NULL
RBX=0x000001ac9d61de08 is a global jni handle
RCX=0x000001ac9d60e800 points into unknown readable memory: a0 68 e1 80 fd 7f 00 00
RDX=0x0000009a5f9ff020 points into unknown readable memory: 00 00 00 00 00 00 00 00
RSP=0x0000009a5f9ff020 points into unknown readable memory: 00 00 00 00 00 00 00 00
RBP=0x000001ac9e802b08 points into unknown readable memory: 01 d0 93 b8 b4 14 00 00
RSI=0x000001ac9e802ae0 points into unknown readable memory: b1 bd 7f 26 4f eb 00 00
RDI=0x000014b4b893d001 is an unknown value
R8 =0x0000000000010002 is an unknown value
R9 =0x000014b4b893d001 is an unknown value
R10=0x0000000000008000 is an unknown value
R11=0x0000009a5f9fefc0 points into unknown readable memory: e0 2a 80 9e ac 01 00 00
R12=0x00007ffdcf763be0 glass.dll
R13=0x000001ac9d60d7b8 points into unknown readable memory: 00 e8 60 9d ac 01 00 00
R14=0x0000009a5f9ff128 points into unknown readable memory: 10 f1 9f 5f 9a 00 00 00
R15=0x000001ac9e802ae0 points into unknown readable memory: b1 bd 7f 26 4f eb 00 00


Registers:
RAX=0x0000000000000000, RBX=0x000001ac9d61de08, RCX=0x000001ac9d60e800, RDX=0x0000009a5f9ff020
RSP=0x0000009a5f9ff020, RBP=0x000001ac9e802b08, RSI=0x000001ac9e802ae0, RDI=0x000014b4b893d001
R8 =0x0000000000010002, R9 =0x000014b4b893d001, R10=0x0000000000008000, R11=0x0000009a5f9fefc0
R12=0x00007ffdcf763be0, R13=0x000001ac9d60d7b8, R14=0x0000009a5f9ff128, R15=0x000001ac9e802ae0
RIP=0x00007ffdcf766730, EFLAGS=0x0000000000010206

Top of Stack: (sp=0x0000009a5f9ff020)
0x0000009a5f9ff020:   0000000000000000 00007ffdf764f05b
0x0000009a5f9ff030:   000001ac9e802af0 000001ac9e802ae0
0x0000009a5f9ff040:   fffffffffffffffe 00007ffdcf763be0
0x0000009a5f9ff050:   000001ac9e802ae8 00007ffdf76542d6
0x0000009a5f9ff060:   000001ac9e802af0 000001ac00000000
0x0000009a5f9ff070:   000001ac9e802b08 000001ac9e802ae0
0x0000009a5f9ff080:   fffffffffffffffe 0000000000000000
0x0000009a5f9ff090:   0000000000000001 00007ffdcf740000
0x0000009a5f9ff0a0:   0000009a5f9ff118 00007ffdf76541fb
0x0000009a5f9ff0b0:   0000000000000000 0000009a5f9ff128
0x0000009a5f9ff0c0:   0000009a5f9ff3e0 00007ffdf7730e40
0x0000009a5f9ff0d0:   0000000000000001 00007ffdf76541b4
0x0000009a5f9ff0e0:   0000000000000000 0000000000000001
0x0000009a5f9ff0f0:   00007ffd0000000d 0000009a5f9ff118
0x0000009a5f9ff100:   0000000000000000 00007ffdcf763a60
0x0000009a5f9ff110:   00007ffdcf77d100 0000009a00000002 

Instructions: (pc=0x00007ffdcf766730)
0x00007ffdcf766630:   8b 4d 60 e8 d8 c9 ff ff 48 8b 55 68 48 8b 8d 08
0x00007ffdcf766640:   01 00 00 e8 a9 be ff ff 33 d2 33 c9 e8 a9 de ff
0x00007ffdcf766650:   ff 90 cc cc cc cc cc cc cc cc cc cc cc cc cc cc
0x00007ffdcf766660:   48 8d 8a 80 00 00 00 e9 14 ea fe ff 48 89 54 24
0x00007ffdcf766670:   10 55 48 83 ec 20 48 8b ea 48 8d 05 1d cb ff ff
0x00007ffdcf766680:   48 83 c4 20 5d c3 cc 40 55 48 8b ea 48 8b 01 33
0x00007ffdcf766690:   c9 81 38 05 00 00 c0 0f 94 c1 8b c1 5d c3 cc 40
0x00007ffdcf7666a0:   55 48 83 ec 20 48 8b ea 8a 4d 40 48 83 c4 20 5d
0x00007ffdcf7666b0:   e9 23 ce ff ff cc 40 55 48 83 ec 20 48 8b ea e8
0x00007ffdcf7666c0:   3c cc ff ff 8a 4d 38 48 83 c4 20 5d e9 07 ce ff
0x00007ffdcf7666d0:   ff cc 40 55 48 83 ec 30 48 8b ea 48 8b 01 8b 10
0x00007ffdcf7666e0:   48 89 4c 24 28 89 54 24 20 4c 8d 0d d0 d1 ff ff
0x00007ffdcf7666f0:   4c 8b 45 70 8b 55 68 48 8b 4d 60 e8 70 cb ff ff
0x00007ffdcf766700:   90 48 83 c4 30 5d c3 cc cc cc cc cc cc cc cc cc
0x00007ffdcf766710:   40 53 48 83 ec 30 48 c7 44 24 20 fe ff ff ff 48
0x00007ffdcf766720:   8b 1d ea 63 01 00 48 85 db 74 16 e8 90 86 ff ff
0x00007ffdcf766730:   4c 8b 00 48 8b d3 48 8b c8 41 ff 90 b0 00 00 00
0x00007ffdcf766740:   90 48 83 c4 30 5b c3 cc cc cc cc cc cc cc cc cc
0x00007ffdcf766750:   40 53 48 83 ec 20 48 8b 1d 4b 65 01 00 48 85 db
0x00007ffdcf766760:   74 57 b8 ff ff ff ff f0 0f c1 43 10 83 f8 01 75
0x00007ffdcf766770:   3d 48 85 db 74 38 48 8b 0b 48 85 c9 74 0d ff 15
0x00007ffdcf766780:   24 0b 00 00 48 c7 03 00 00 00 00 48 8b 4b 08 48
0x00007ffdcf766790:   85 c9 74 0d e8 77 c8 ff ff 48 c7 43 08 00 00 00
0x00007ffdcf7667a0:   00 ba 18 00 00 00 48 8b cb e8 62 c8 ff ff 48 c7
0x00007ffdcf7667b0:   05 ef 64 01 00 00 00 00 00 48 83 c4 20 5b c3 cc
0x00007ffdcf7667c0:   40 53 48 83 ec 20 48 8b 1d bb 64 01 00 48 85 db
0x00007ffdcf7667d0:   74 57 b8 ff ff ff ff f0 0f c1 43 10 83 f8 01 75
0x00007ffdcf7667e0:   3d 48 85 db 74 38 48 8b 0b 48 85 c9 74 0d ff 15
0x00007ffdcf7667f0:   b4 0a 00 00 48 c7 03 00 00 00 00 48 8b 4b 08 48
0x00007ffdcf766800:   85 c9 74 0d e8 07 c8 ff ff 48 c7 43 08 00 00 00
0x00007ffdcf766810:   00 ba 18 00 00 00 48 8b cb e8 f2 c7 ff ff 48 c7
0x00007ffdcf766820:   05 5f 64 01 00 00 00 00 00 48 83 c4 20 5b c3 cc 


Stack slot to memory mapping:
stack at sp + 0 slots: 0x0 is NULL
stack at sp + 1 slots: 0x00007ffdf764f05b ucrtbase.dll
stack at sp + 2 slots: 0x000001ac9e802af0 points into unknown readable memory: 01 d0 93 b8 b4 14 00 00
stack at sp + 3 slots: 0x000001ac9e802ae0 points into unknown readable memory: b1 bd 7f 26 4f eb 00 00
stack at sp + 4 slots: 0xfffffffffffffffe is an unknown value
stack at sp + 5 slots: 0x00007ffdcf763be0 glass.dll
stack at sp + 6 slots: 0x000001ac9e802ae8 points into unknown readable memory: 01 d0 93 b8 b4 14 00 00
stack at sp + 7 slots: 0x00007ffdf76542d6 ucrtbase.dll

VM_Operation (0x0000009a5f0feaa0): Exit, mode: safepoint, requested by thread 0x000001ac9e0b9000


---------------  P R O C E S S  ---------------

Threads class SMR info:
_java_thread_list=0x000001aca3aca540, length=19, elements={
0x000001acfdfff000, 0x000001ac9d610800, 0x000001ac9d614000, 0x000001ac9d633800,
0x000001ac9d634800, 0x000001ac9d635800, 0x000001ac9d636800, 0x000001ac9d637800,
0x000001ac9d5f7800, 0x000001ac9e352800, 0x000001ac9e596800, 0x000001ac9e61a800,
0x000001ac9e7e4000, 0x000001ac9e8aa800, 0x000001ac9ea5e800, 0x000001ac9e9f5000,
0x000001aca447e800, 0x000001aca3661000, 0x000001ac9e0b9000
}

Java Threads: ( => current thread )
  0x000001acfdfff000 JavaThread "main" [_thread_blocked, id=3036, stack(0x0000009a5f300000,0x0000009a5f400000)]
  0x000001ac9d610800 JavaThread "Reference Handler" daemon [_thread_blocked, id=5884, stack(0x0000009a5fa00000,0x0000009a5fb00000)]
  0x000001ac9d614000 JavaThread "Finalizer" daemon [_thread_blocked, id=3116, stack(0x0000009a5fb00000,0x0000009a5fc00000)]
  0x000001ac9d633800 JavaThread "Signal Dispatcher" daemon [_thread_blocked, id=7408, stack(0x0000009a5fc00000,0x0000009a5fd00000)]
  0x000001ac9d634800 JavaThread "Attach Listener" daemon [_thread_blocked, id=10364, stack(0x0000009a5fd00000,0x0000009a5fe00000)]
  0x000001ac9d635800 JavaThread "C2 CompilerThread0" daemon [_thread_blocked, id=8572, stack(0x0000009a5fe00000,0x0000009a5ff00000)]
  0x000001ac9d636800 JavaThread "C1 CompilerThread0" daemon [_thread_blocked, id=10452, stack(0x0000009a5ff00000,0x0000009a60000000)]
  0x000001ac9d637800 JavaThread "Sweeper thread" daemon [_thread_blocked, id=6584, stack(0x0000009a60000000,0x0000009a60100000)]
  0x000001ac9d5f7800 JavaThread "Common-Cleaner" daemon [_thread_blocked, id=3376, stack(0x0000009a60100000,0x0000009a60200000)]
  0x000001ac9e352800 JavaThread "Monitor Ctrl-Break" daemon [_thread_in_native, id=3132, stack(0x0000009a60400000,0x0000009a60500000)]
  0x000001ac9e596800 JavaThread "Service Thread" daemon [_thread_blocked, id=12064, stack(0x0000009a60500000,0x0000009a60600000)]
  0x000001ac9e61a800 JavaThread "QuantumRenderer-0" daemon [_thread_blocked, id=5372, stack(0x0000009a60700000,0x0000009a60800000)]
  0x000001ac9e7e4000 JavaThread "InvokeLaterDispatcher" daemon [_thread_blocked, id=5052, stack(0x0000009a60800000,0x0000009a60900000)]
  0x000001ac9e8aa800 JavaThread "JavaFX Application Thread" [_thread_in_native, id=10224, stack(0x0000009a60900000,0x0000009a60a00000)]
  0x000001ac9ea5e800 JavaThread "Thread-1" daemon [_thread_in_native, id=3900, stack(0x0000009a60d00000,0x0000009a60e00000)]
  0x000001ac9e9f5000 JavaThread "JavaFX-Launcher" [_thread_blocked, id=10368, stack(0x0000009a60e00000,0x0000009a60f00000)]
  0x000001aca447e800 JavaThread "Prism Font Disposer" daemon [_thread_blocked, id=1600, stack(0x0000009a60300000,0x0000009a60400000)]
  0x000001aca3661000 JavaThread "Cleaner-0" daemon [_thread_blocked, id=2712, stack(0x0000009a61700000,0x0000009a61800000)]
  0x000001ac9e0b9000 JavaThread "SIGINT handler" daemon [_thread_blocked, id=7660, stack(0x0000009a5f000000,0x0000009a5f100000)]

Other Threads:
=>0x000001ac9d60e800 VMThread "VM Thread" [stack: 0x0000009a5f900000,0x0000009a5fa00000] [id=8332]
  0x000001acfe03f800 GCTaskThread "GC Thread#0" [stack: 0x0000009a5f400000,0x0000009a5f500000] [id=8720]
  0x000001ac9e570800 GCTaskThread "GC Thread#1" [stack: 0x0000009a60f00000,0x0000009a61000000] [id=11900]
  0x000001ac9e56e800 GCTaskThread "GC Thread#2" [stack: 0x0000009a61000000,0x0000009a61100000] [id=9720]
  0x000001ac9e56d000 GCTaskThread "GC Thread#3" [stack: 0x0000009a61100000,0x0000009a61200000] [id=8312]
  0x000001ac9e56f000 GCTaskThread "GC Thread#4" [stack: 0x0000009a61200000,0x0000009a61300000] [id=5296]
  0x000001ac9e571000 GCTaskThread "GC Thread#5" [stack: 0x0000009a61300000,0x0000009a61400000] [id=2020]
  0x000001acfe051000 ConcurrentGCThread "G1 Main Marker" [stack: 0x0000009a5f500000,0x0000009a5f600000] [id=3764]
  0x000001acfe052800 ConcurrentGCThread "G1 Conc#0" [stack: 0x0000009a5f600000,0x0000009a5f700000] [id=9364]
  0x000001acfe0dd800 ConcurrentGCThread "G1 Refine#0" [stack: 0x0000009a5f700000,0x0000009a5f800000] [id=8548]
  0x000001ac9d47d800 ConcurrentGCThread "G1 Young RemSet Sampling" [stack: 0x0000009a5f800000,0x0000009a5f900000] [id=6376]

Threads with active compile tasks:

VM state:at safepoint (shutting down)

VM Mutex/Monitor currently owned by a thread:  ([mutex/lock_event])
[0x000001acfdffb860] Threads_lock - owner thread: 0x000001ac9d60e800
[0x000001acfdffc3a0] Heap_lock - owner thread: 0x000001ac9e0b9000

Heap address: 0x0000000084000000, size: 1984 MB, Compressed Oops mode: 32-bit
Narrow klass base: 0x0000000800000000, Narrow klass shift: 3
Compressed class space size: 1073741824 Address: 0x0000000800b40000

Heap:
 garbage-first heap   total 126976K, used 52589K [0x0000000084000000, 0x0000000100000000)
  region size 1024K, 51 young (52224K), 3 survivors (3072K)
 Metaspace       used 16902K, capacity 17695K, committed 17792K, reserved 1064960K
  class space    used 2328K, capacity 2627K, committed 2688K, reserved 1048576K
Heap Regions: E=young(eden), S=young(survivor), O=old, HS=humongous(starts), HC=humongous(continues), CS=collection set, F=free, A=archive, TAMS=top-at-mark-start (previous, next)
|   0|0x0000000084000000, 0x000000008405b600, 0x0000000084100000| 35%| O|  |TAMS 0x0000000084000000, 0x0000000084000000| Untracked 
|   1|0x0000000084100000, 0x0000000084200000, 0x0000000084200000|100%|HS|  |TAMS 0x0000000084100000, 0x0000000084100000| Complete 
|   2|0x0000000084200000, 0x0000000084300000, 0x0000000084300000|100%|HC|  |TAMS 0x0000000084200000, 0x0000000084200000| Complete 
|   3|0x0000000084300000, 0x0000000084300000, 0x0000000084400000|  0%| F|  |TAMS 0x0000000084300000, 0x0000000084300000| Untracked 
|   4|0x0000000084400000, 0x0000000084400000, 0x0000000084500000|  0%| F|  |TAMS 0x0000000084400000, 0x0000000084400000| Untracked 
|   5|0x0000000084500000, 0x0000000084500000, 0x0000000084600000|  0%| F|  |TAMS 0x0000000084500000, 0x0000000084500000| Untracked 
|   6|0x0000000084600000, 0x0000000084600000, 0x0000000084700000|  0%| F|  |TAMS 0x0000000084600000, 0x0000000084600000| Untracked 
|   7|0x0000000084700000, 0x0000000084700000, 0x0000000084800000|  0%| F|  |TAMS 0x0000000084700000, 0x0000000084700000| Untracked 
|   8|0x0000000084800000, 0x0000000084800000, 0x0000000084900000|  0%| F|  |TAMS 0x0000000084800000, 0x0000000084800000| Untracked 
|   9|0x0000000084900000, 0x0000000084900000, 0x0000000084a00000|  0%| F|  |TAMS 0x0000000084900000, 0x0000000084900000| Untracked 
|  10|0x0000000084a00000, 0x0000000084a00000, 0x0000000084b00000|  0%| F|  |TAMS 0x0000000084a00000, 0x0000000084a00000| Untracked 
|  11|0x0000000084b00000, 0x0000000084b00000, 0x0000000084c00000|  0%| F|  |TAMS 0x0000000084b00000, 0x0000000084b00000| Untracked 
|  12|0x0000000084c00000, 0x0000000084c00000, 0x0000000084d00000|  0%| F|  |TAMS 0x0000000084c00000, 0x0000000084c00000| Untracked 
|  13|0x0000000084d00000, 0x0000000084d00000, 0x0000000084e00000|  0%| F|  |TAMS 0x0000000084d00000, 0x0000000084d00000| Untracked 
|  14|0x0000000084e00000, 0x0000000084e00000, 0x0000000084f00000|  0%| F|  |TAMS 0x0000000084e00000, 0x0000000084e00000| Untracked 
|  15|0x0000000084f00000, 0x0000000084f00000, 0x0000000085000000|  0%| F|  |TAMS 0x0000000084f00000, 0x0000000084f00000| Untracked 
|  16|0x0000000085000000, 0x0000000085000000, 0x0000000085100000|  0%| F|  |TAMS 0x0000000085000000, 0x0000000085000000| Untracked 
|  17|0x0000000085100000, 0x0000000085100000, 0x0000000085200000|  0%| F|  |TAMS 0x0000000085100000, 0x0000000085100000| Untracked 
|  18|0x0000000085200000, 0x0000000085200000, 0x0000000085300000|  0%| F|  |TAMS 0x0000000085200000, 0x0000000085200000| Untracked 
|  19|0x0000000085300000, 0x0000000085300000, 0x0000000085400000|  0%| F|  |TAMS 0x0000000085300000, 0x0000000085300000| Untracked 
|  20|0x0000000085400000, 0x0000000085400000, 0x0000000085500000|  0%| F|  |TAMS 0x0000000085400000, 0x0000000085400000| Untracked 
|  21|0x0000000085500000, 0x0000000085500000, 0x0000000085600000|  0%| F|  |TAMS 0x0000000085500000, 0x0000000085500000| Untracked 
|  22|0x0000000085600000, 0x0000000085600000, 0x0000000085700000|  0%| F|  |TAMS 0x0000000085600000, 0x0000000085600000| Untracked 
|  23|0x0000000085700000, 0x0000000085700000, 0x0000000085800000|  0%| F|  |TAMS 0x0000000085700000, 0x0000000085700000| Untracked 
|  24|0x0000000085800000, 0x0000000085800000, 0x0000000085900000|  0%| F|  |TAMS 0x0000000085800000, 0x0000000085800000| Untracked 
|  25|0x0000000085900000, 0x0000000085900000, 0x0000000085a00000|  0%| F|  |TAMS 0x0000000085900000, 0x0000000085900000| Untracked 
|  26|0x0000000085a00000, 0x0000000085a00000, 0x0000000085b00000|  0%| F|  |TAMS 0x0000000085a00000, 0x0000000085a00000| Untracked 
|  27|0x0000000085b00000, 0x0000000085b00000, 0x0000000085c00000|  0%| F|  |TAMS 0x0000000085b00000, 0x0000000085b00000| Untracked 
|  28|0x0000000085c00000, 0x0000000085c00000, 0x0000000085d00000|  0%| F|  |TAMS 0x0000000085c00000, 0x0000000085c00000| Untracked 
|  29|0x0000000085d00000, 0x0000000085d00000, 0x0000000085e00000|  0%| F|  |TAMS 0x0000000085d00000, 0x0000000085d00000| Untracked 
|  30|0x0000000085e00000, 0x0000000085e00000, 0x0000000085f00000|  0%| F|  |TAMS 0x0000000085e00000, 0x0000000085e00000| Untracked 
|  31|0x0000000085f00000, 0x0000000085f00000, 0x0000000086000000|  0%| F|  |TAMS 0x0000000085f00000, 0x0000000085f00000| Untracked 
|  32|0x0000000086000000, 0x0000000086000000, 0x0000000086100000|  0%| F|  |TAMS 0x0000000086000000, 0x0000000086000000| Untracked 
|  33|0x0000000086100000, 0x0000000086100000, 0x0000000086200000|  0%| F|  |TAMS 0x0000000086100000, 0x0000000086100000| Untracked 
|  34|0x0000000086200000, 0x0000000086200000, 0x0000000086300000|  0%| F|  |TAMS 0x0000000086200000, 0x0000000086200000| Untracked 
|  35|0x0000000086300000, 0x0000000086300000, 0x0000000086400000|  0%| F|  |TAMS 0x0000000086300000, 0x0000000086300000| Untracked 
|  36|0x0000000086400000, 0x0000000086400000, 0x0000000086500000|  0%| F|  |TAMS 0x0000000086400000, 0x0000000086400000| Untracked 
|  37|0x0000000086500000, 0x0000000086500000, 0x0000000086600000|  0%| F|  |TAMS 0x0000000086500000, 0x0000000086500000| Untracked 
|  38|0x0000000086600000, 0x0000000086600000, 0x0000000086700000|  0%| F|  |TAMS 0x0000000086600000, 0x0000000086600000| Untracked 
|  39|0x0000000086700000, 0x0000000086700000, 0x0000000086800000|  0%| F|  |TAMS 0x0000000086700000, 0x0000000086700000| Untracked 
|  40|0x0000000086800000, 0x0000000086800000, 0x0000000086900000|  0%| F|  |TAMS 0x0000000086800000, 0x0000000086800000| Untracked 
|  41|0x0000000086900000, 0x0000000086900000, 0x0000000086a00000|  0%| F|  |TAMS 0x0000000086900000, 0x0000000086900000| Untracked 
|  42|0x0000000086a00000, 0x0000000086a00000, 0x0000000086b00000|  0%| F|  |TAMS 0x0000000086a00000, 0x0000000086a00000| Untracked 
|  43|0x0000000086b00000, 0x0000000086b00000, 0x0000000086c00000|  0%| F|  |TAMS 0x0000000086b00000, 0x0000000086b00000| Untracked 
|  44|0x0000000086c00000, 0x0000000086c00000, 0x0000000086d00000|  0%| F|  |TAMS 0x0000000086c00000, 0x0000000086c00000| Untracked 
|  45|0x0000000086d00000, 0x0000000086d00000, 0x0000000086e00000|  0%| F|  |TAMS 0x0000000086d00000, 0x0000000086d00000| Untracked 
|  46|0x0000000086e00000, 0x0000000086e00000, 0x0000000086f00000|  0%| F|  |TAMS 0x0000000086e00000, 0x0000000086e00000| Untracked 
|  47|0x0000000086f00000, 0x0000000086f00000, 0x0000000087000000|  0%| F|  |TAMS 0x0000000086f00000, 0x0000000086f00000| Untracked 
|  48|0x0000000087000000, 0x0000000087000000, 0x0000000087100000|  0%| F|  |TAMS 0x0000000087000000, 0x0000000087000000| Untracked 
|  49|0x0000000087100000, 0x0000000087100000, 0x0000000087200000|  0%| F|  |TAMS 0x0000000087100000, 0x0000000087100000| Untracked 
|  50|0x0000000087200000, 0x0000000087200000, 0x0000000087300000|  0%| F|  |TAMS 0x0000000087200000, 0x0000000087200000| Untracked 
|  51|0x0000000087300000, 0x0000000087300000, 0x0000000087400000|  0%| F|  |TAMS 0x0000000087300000, 0x0000000087300000| Untracked 
|  52|0x0000000087400000, 0x0000000087400000, 0x0000000087500000|  0%| F|  |TAMS 0x0000000087400000, 0x0000000087400000| Untracked 
|  53|0x0000000087500000, 0x0000000087500000, 0x0000000087600000|  0%| F|  |TAMS 0x0000000087500000, 0x0000000087500000| Untracked 
|  54|0x0000000087600000, 0x0000000087600000, 0x0000000087700000|  0%| F|  |TAMS 0x0000000087600000, 0x0000000087600000| Untracked 
|  55|0x0000000087700000, 0x0000000087700000, 0x0000000087800000|  0%| F|  |TAMS 0x0000000087700000, 0x0000000087700000| Untracked 
|  56|0x0000000087800000, 0x0000000087800000, 0x0000000087900000|  0%| F|  |TAMS 0x0000000087800000, 0x0000000087800000| Untracked 
|  57|0x0000000087900000, 0x0000000087900000, 0x0000000087a00000|  0%| F|  |TAMS 0x0000000087900000, 0x0000000087900000| Untracked 
|  58|0x0000000087a00000, 0x0000000087a00000, 0x0000000087b00000|  0%| F|  |TAMS 0x0000000087a00000, 0x0000000087a00000| Untracked 
|  59|0x0000000087b00000, 0x0000000087b00000, 0x0000000087c00000|  0%| F|  |TAMS 0x0000000087b00000, 0x0000000087b00000| Untracked 
|  60|0x0000000087c00000, 0x0000000087c00000, 0x0000000087d00000|  0%| F|  |TAMS 0x0000000087c00000, 0x0000000087c00000| Untracked 
|  61|0x0000000087d00000, 0x0000000087d00000, 0x0000000087e00000|  0%| F|  |TAMS 0x0000000087d00000, 0x0000000087d00000| Untracked 
|  62|0x0000000087e00000, 0x0000000087e00000, 0x0000000087f00000|  0%| F|  |TAMS 0x0000000087e00000, 0x0000000087e00000| Untracked 
|  63|0x0000000087f00000, 0x0000000087f00000, 0x0000000088000000|  0%| F|  |TAMS 0x0000000087f00000, 0x0000000087f00000| Untracked 
|  64|0x0000000088000000, 0x0000000088000000, 0x0000000088100000|  0%| F|  |TAMS 0x0000000088000000, 0x0000000088000000| Untracked 
|  65|0x0000000088100000, 0x0000000088100000, 0x0000000088200000|  0%| F|  |TAMS 0x0000000088100000, 0x0000000088100000| Untracked 
|  66|0x0000000088200000, 0x0000000088200000, 0x0000000088300000|  0%| F|  |TAMS 0x0000000088200000, 0x0000000088200000| Untracked 
|  67|0x0000000088300000, 0x0000000088300000, 0x0000000088400000|  0%| F|  |TAMS 0x0000000088300000, 0x0000000088300000| Untracked 
|  68|0x0000000088400000, 0x0000000088400000, 0x0000000088500000|  0%| F|  |TAMS 0x0000000088400000, 0x0000000088400000| Untracked 
|  69|0x0000000088500000, 0x0000000088500000, 0x0000000088600000|  0%| F|  |TAMS 0x0000000088500000, 0x0000000088500000| Untracked 
|  70|0x0000000088600000, 0x0000000088600000, 0x0000000088700000|  0%| F|  |TAMS 0x0000000088600000, 0x0000000088600000| Untracked 
|  71|0x0000000088700000, 0x0000000088700000, 0x0000000088800000|  0%| F|  |TAMS 0x0000000088700000, 0x0000000088700000| Untracked 
|  72|0x0000000088800000, 0x0000000088800000, 0x0000000088900000|  0%| F|  |TAMS 0x0000000088800000, 0x0000000088800000| Untracked 
|  73|0x0000000088900000, 0x0000000088a00000, 0x0000000088a00000|100%| E|  |TAMS 0x0000000088900000, 0x0000000088900000| Complete 
|  74|0x0000000088a00000, 0x0000000088b00000, 0x0000000088b00000|100%| E|CS|TAMS 0x0000000088a00000, 0x0000000088a00000| Complete 
|  75|0x0000000088b00000, 0x0000000088c00000, 0x0000000088c00000|100%| E|CS|TAMS 0x0000000088b00000, 0x0000000088b00000| Complete 
|  76|0x0000000088c00000, 0x0000000088d00000, 0x0000000088d00000|100%| E|CS|TAMS 0x0000000088c00000, 0x0000000088c00000| Complete 
|  77|0x0000000088d00000, 0x0000000088e00000, 0x0000000088e00000|100%| E|CS|TAMS 0x0000000088d00000, 0x0000000088d00000| Complete 
|  78|0x0000000088e00000, 0x0000000088f00000, 0x0000000088f00000|100%| E|CS|TAMS 0x0000000088e00000, 0x0000000088e00000| Complete 
|  79|0x0000000088f00000, 0x0000000089000000, 0x0000000089000000|100%| E|CS|TAMS 0x0000000088f00000, 0x0000000088f00000| Complete 
|  80|0x0000000089000000, 0x0000000089100000, 0x0000000089100000|100%| E|CS|TAMS 0x0000000089000000, 0x0000000089000000| Complete 
|  81|0x0000000089100000, 0x0000000089200000, 0x0000000089200000|100%| E|CS|TAMS 0x0000000089100000, 0x0000000089100000| Complete 
|  82|0x0000000089200000, 0x0000000089300000, 0x0000000089300000|100%| E|CS|TAMS 0x0000000089200000, 0x0000000089200000| Complete 
|  83|0x0000000089300000, 0x0000000089400000, 0x0000000089400000|100%| E|CS|TAMS 0x0000000089300000, 0x0000000089300000| Complete 
|  84|0x0000000089400000, 0x0000000089500000, 0x0000000089500000|100%| E|CS|TAMS 0x0000000089400000, 0x0000000089400000| Complete 
|  85|0x0000000089500000, 0x0000000089600000, 0x0000000089600000|100%| E|CS|TAMS 0x0000000089500000, 0x0000000089500000| Complete 
|  86|0x0000000089600000, 0x0000000089700000, 0x0000000089700000|100%| E|CS|TAMS 0x0000000089600000, 0x0000000089600000| Complete 
|  87|0x0000000089700000, 0x0000000089800000, 0x0000000089800000|100%| E|CS|TAMS 0x0000000089700000, 0x0000000089700000| Complete 
|  88|0x0000000089800000, 0x0000000089900000, 0x0000000089900000|100%| E|CS|TAMS 0x0000000089800000, 0x0000000089800000| Complete 
|  89|0x0000000089900000, 0x0000000089a00000, 0x0000000089a00000|100%| E|CS|TAMS 0x0000000089900000, 0x0000000089900000| Complete 
|  90|0x0000000089a00000, 0x0000000089b00000, 0x0000000089b00000|100%| E|CS|TAMS 0x0000000089a00000, 0x0000000089a00000| Complete 
|  91|0x0000000089b00000, 0x0000000089c00000, 0x0000000089c00000|100%| E|CS|TAMS 0x0000000089b00000, 0x0000000089b00000| Complete 
|  92|0x0000000089c00000, 0x0000000089d00000, 0x0000000089d00000|100%| E|CS|TAMS 0x0000000089c00000, 0x0000000089c00000| Complete 
|  93|0x0000000089d00000, 0x0000000089e00000, 0x0000000089e00000|100%| E|CS|TAMS 0x0000000089d00000, 0x0000000089d00000| Complete 
|  94|0x0000000089e00000, 0x0000000089f00000, 0x0000000089f00000|100%| E|CS|TAMS 0x0000000089e00000, 0x0000000089e00000| Complete 
|  95|0x0000000089f00000, 0x000000008a000000, 0x000000008a000000|100%| E|  |TAMS 0x0000000089f00000, 0x0000000089f00000| Complete 
|  96|0x000000008a000000, 0x000000008a100000, 0x000000008a100000|100%| E|CS|TAMS 0x000000008a000000, 0x000000008a000000| Complete 
|  97|0x000000008a100000, 0x000000008a200000, 0x000000008a200000|100%| S|CS|TAMS 0x000000008a100000, 0x000000008a100000| Complete 
|  98|0x000000008a200000, 0x000000008a300000, 0x000000008a300000|100%| S|CS|TAMS 0x000000008a200000, 0x000000008a200000| Complete 
|  99|0x000000008a300000, 0x000000008a400000, 0x000000008a400000|100%| S|CS|TAMS 0x000000008a300000, 0x000000008a300000| Complete 
| 100|0x000000008a400000, 0x000000008a500000, 0x000000008a500000|100%| E|CS|TAMS 0x000000008a400000, 0x000000008a400000| Complete 
| 101|0x000000008a500000, 0x000000008a600000, 0x000000008a600000|100%| E|CS|TAMS 0x000000008a500000, 0x000000008a500000| Complete 
| 102|0x000000008a600000, 0x000000008a700000, 0x000000008a700000|100%| E|CS|TAMS 0x000000008a600000, 0x000000008a600000| Complete 
| 103|0x000000008a700000, 0x000000008a800000, 0x000000008a800000|100%| E|CS|TAMS 0x000000008a700000, 0x000000008a700000| Complete 
| 104|0x000000008a800000, 0x000000008a900000, 0x000000008a900000|100%| E|CS|TAMS 0x000000008a800000, 0x000000008a800000| Complete 
| 105|0x000000008a900000, 0x000000008aa00000, 0x000000008aa00000|100%| E|CS|TAMS 0x000000008a900000, 0x000000008a900000| Complete 
| 106|0x000000008aa00000, 0x000000008ab00000, 0x000000008ab00000|100%| E|CS|TAMS 0x000000008aa00000, 0x000000008aa00000| Complete 
| 107|0x000000008ab00000, 0x000000008ac00000, 0x000000008ac00000|100%| E|CS|TAMS 0x000000008ab00000, 0x000000008ab00000| Complete 
| 108|0x000000008ac00000, 0x000000008ad00000, 0x000000008ad00000|100%| E|CS|TAMS 0x000000008ac00000, 0x000000008ac00000| Complete 
| 109|0x000000008ad00000, 0x000000008ae00000, 0x000000008ae00000|100%| E|CS|TAMS 0x000000008ad00000, 0x000000008ad00000| Complete 
| 110|0x000000008ae00000, 0x000000008af00000, 0x000000008af00000|100%| E|CS|TAMS 0x000000008ae00000, 0x000000008ae00000| Complete 
| 111|0x000000008af00000, 0x000000008b000000, 0x000000008b000000|100%| E|CS|TAMS 0x000000008af00000, 0x000000008af00000| Complete 
| 112|0x000000008b000000, 0x000000008b100000, 0x000000008b100000|100%| E|CS|TAMS 0x000000008b000000, 0x000000008b000000| Complete 
| 113|0x000000008b100000, 0x000000008b200000, 0x000000008b200000|100%| E|CS|TAMS 0x000000008b100000, 0x000000008b100000| Complete 
| 114|0x000000008b200000, 0x000000008b300000, 0x000000008b300000|100%| E|CS|TAMS 0x000000008b200000, 0x000000008b200000| Complete 
| 115|0x000000008b300000, 0x000000008b400000, 0x000000008b400000|100%| E|CS|TAMS 0x000000008b300000, 0x000000008b300000| Complete 
| 116|0x000000008b400000, 0x000000008b500000, 0x000000008b500000|100%| E|CS|TAMS 0x000000008b400000, 0x000000008b400000| Complete 
| 117|0x000000008b500000, 0x000000008b600000, 0x000000008b600000|100%| E|CS|TAMS 0x000000008b500000, 0x000000008b500000| Complete 
| 118|0x000000008b600000, 0x000000008b700000, 0x000000008b700000|100%| E|CS|TAMS 0x000000008b600000, 0x000000008b600000| Complete 
| 119|0x000000008b700000, 0x000000008b800000, 0x000000008b800000|100%| E|CS|TAMS 0x000000008b700000, 0x000000008b700000| Complete 
| 120|0x000000008b800000, 0x000000008b900000, 0x000000008b900000|100%| E|CS|TAMS 0x000000008b800000, 0x000000008b800000| Complete 
| 121|0x000000008b900000, 0x000000008ba00000, 0x000000008ba00000|100%| E|CS|TAMS 0x000000008b900000, 0x000000008b900000| Complete 
| 122|0x000000008ba00000, 0x000000008bb00000, 0x000000008bb00000|100%| E|CS|TAMS 0x000000008ba00000, 0x000000008ba00000| Complete 
| 123|0x000000008bb00000, 0x000000008bc00000, 0x000000008bc00000|100%| E|CS|TAMS 0x000000008bb00000, 0x000000008bb00000| Complete 

Card table byte_map: [0x000001acff080000,0x000001acff460000] _byte_map_base: 0x000001acfec60000

Marking Bits (Prev, Next): (CMBitMap*) 0x000001acfe040948, (CMBitMap*) 0x000001acfe040988
 Prev Bits: [0x000001ac97430000, 0x000001ac99330000)
 Next Bits: [0x000001ac99330000, 0x000001ac9b230000)

Polling page: 0x000001acfc620000

Metaspace:

Usage:
  Non-class:     14.71 MB capacity,    14.23 MB ( 97%) used,   418.53 KB (  3%) free+waste,    76.06 KB ( <1%) overhead. 
      Class:      2.57 MB capacity,     2.27 MB ( 89%) used,   257.61 KB ( 10%) free+waste,    40.75 KB (  2%) overhead. 
       Both:     17.28 MB capacity,    16.51 MB ( 96%) used,   676.14 KB (  4%) free+waste,   116.81 KB ( <1%) overhead. 

Virtual space:
  Non-class space:       16.00 MB reserved,      14.75 MB ( 92%) committed 
      Class space:        1.00 GB reserved,       2.63 MB ( <1%) committed 
             Both:        1.02 GB reserved,      17.38 MB (  2%) committed 

Chunk freelists:
   Non-Class:  36.00 KB
       Class:  0 bytes
        Both:  36.00 KB

MaxMetaspaceSize: 17179869184.00 GB
CompressedClassSpaceSize: 1.00 GB

CodeHeap 'non-profiled nmethods': size=120000Kb used=1234Kb max_used=1234Kb free=118765Kb
 bounds [0x000001ac8ff00000, 0x000001ac90170000, 0x000001ac97430000]
CodeHeap 'profiled nmethods': size=120000Kb used=5681Kb max_used=5681Kb free=114318Kb
 bounds [0x000001ac889d0000, 0x000001ac88f60000, 0x000001ac8ff00000]
CodeHeap 'non-nmethods': size=5760Kb used=1466Kb max_used=1492Kb free=4293Kb
 bounds [0x000001ac88430000, 0x000001ac886a0000, 0x000001ac889d0000]
 total_blobs=4549 nmethods=2886 adapters=687
 compilation: enabled
              stopped_count=0, restarted_count=0
 full_count=0

Compilation events (20 events):
Event: 8.819 Thread 0x000001ac9d636800 2877       3       com.sun.javafx.tk.quantum.GlassViewEventHandler::handleMouseEvent (108 bytes)
Event: 8.820 Thread 0x000001ac9d636800 nmethod 2877 0x000001ac88f57310 code [0x000001ac88f57520, 0x000001ac88f57bb0]
Event: 8.820 Thread 0x000001ac9d636800 2878       3       com.sun.javafx.tk.quantum.GlassViewEventHandler$$Lambda$450/0x0000000800d95040::get$Lambda (9 bytes)
Event: 8.820 Thread 0x000001ac9d636800 nmethod 2878 0x000001ac88f57e10 code [0x000001ac88f57fc0, 0x000001ac88f58278]
Event: 8.820 Thread 0x000001ac9d636800 2879       3       com.sun.javafx.tk.quantum.GlassViewEventHandler$$Lambda$450/0x0000000800d95040::<init> (10 bytes)
Event: 8.820 Thread 0x000001ac9d636800 nmethod 2879 0x000001ac88f58390 code [0x000001ac88f58540, 0x000001ac88f58778]
Event: 8.820 Thread 0x000001ac9d636800 2880       3       com.sun.javafx.tk.quantum.GlassViewEventHandler$$Lambda$450/0x0000000800d95040::get (8 bytes)
Event: 8.821 Thread 0x000001ac9d636800 nmethod 2880 0x000001ac88f58810 code [0x000001ac88f58a40, 0x000001ac88f590d0]
Event: 8.821 Thread 0x000001ac9d636800 2881       3       javafx.scene.Scene$ScenePeerListener::mouseEvent (50 bytes)
Event: 8.822 Thread 0x000001ac9d636800 nmethod 2881 0x000001ac88f59410 code [0x000001ac88f595e0, 0x000001ac88f59a60]
Event: 10.713 Thread 0x000001ac9d636800 2882       3       javafx.scene.Scene$TargetWrapper::clear (12 bytes)
Event: 10.713 Thread 0x000001ac9d636800 nmethod 2882 0x000001ac88f59c90 code [0x000001ac88f59e40, 0x000001ac88f5a0b8]
Event: 10.721 Thread 0x000001ac9d636800 2883       3       javafx.scene.Scene$MouseHandler::clearPDREventTargets (46 bytes)
Event: 10.721 Thread 0x000001ac9d636800 nmethod 2883 0x000001ac88f5a190 code [0x000001ac88f5a380, 0x000001ac88f5aa00]
Event: 10.778 Thread 0x000001ac9d636800 2884       3       java.util.concurrent.locks.ReentrantLock$NonfairSync::tryAcquire (6 bytes)
Event: 10.778 Thread 0x000001ac9d636800 nmethod 2884 0x000001ac88f5ab90 code [0x000001ac88f5ad40, 0x000001ac88f5aef0]
Event: 10.778 Thread 0x000001ac9d636800 2885       3       java.util.concurrent.locks.ReentrantLock$Sync::nonfairTryAcquire (67 bytes)
Event: 10.780 Thread 0x000001ac9d636800 nmethod 2885 0x000001ac88f5af90 code [0x000001ac88f5b1e0, 0x000001ac88f5bb30]
Event: 10.794 Thread 0x000001ac9d636800 2886       3       java.util.concurrent.locks.ReentrantLock$Sync::tryRelease (45 bytes)
Event: 10.794 Thread 0x000001ac9d636800 nmethod 2886 0x000001ac88f5be10 code [0x000001ac88f5bfe0, 0x000001ac88f5c370]

GC Heap History (2 events):
Event: 0.564 GC heap before
{Heap before GC invocations=0 (full 0):
 garbage-first heap   total 126976K, used 23552K [0x0000000084000000, 0x0000000100000000)
  region size 1024K, 24 young (24576K), 0 survivors (0K)
 Metaspace       used 7026K, capacity 8471K, committed 8832K, reserved 1056768K
  class space    used 848K, capacity 1025K, committed 1152K, reserved 1048576K
}
Event: 0.567 GC heap after
{Heap after GC invocations=1 (full 0):
 garbage-first heap   total 126976K, used 3437K [0x0000000084000000, 0x0000000100000000)
  region size 1024K, 3 young (3072K), 3 survivors (3072K)
 Metaspace       used 7026K, capacity 8471K, committed 8832K, reserved 1056768K
  class space    used 848K, capacity 1025K, committed 1152K, reserved 1048576K
}

Deoptimization events (20 events):
Event: 4.218 Thread 0x000001ac9e8aa800 Uncommon trap: trap_request=0xffffffc6 fr.pc=0x000001ac8fff738c relative=0x00000000000007cc
Event: 4.218 Thread 0x000001ac9e8aa800 Uncommon trap: reason=bimorphic_or_optimized_type_check action=maybe_recompile pc=0x000001ac8fff738c method=javafx.css.SimpleSelector.applies(Ljavafx/css/Styleable;)Z @ 95 c2
Event: 4.218 Thread 0x000001ac9e8aa800 DEOPT PACKING pc=0x000001ac8fff738c sp=0x0000009a609fa3a0
Event: 4.218 Thread 0x000001ac9e8aa800 DEOPT UNPACKING pc=0x000001ac8843852f sp=0x0000009a609fa360 mode 2
Event: 4.219 Thread 0x000001ac9e8aa800 Uncommon trap: trap_request=0xffffffc6 fr.pc=0x000001ac8fff738c relative=0x00000000000007cc
Event: 4.219 Thread 0x000001ac9e8aa800 Uncommon trap: reason=bimorphic_or_optimized_type_check action=maybe_recompile pc=0x000001ac8fff738c method=javafx.css.SimpleSelector.applies(Ljavafx/css/Styleable;)Z @ 95 c2
Event: 4.219 Thread 0x000001ac9e8aa800 DEOPT PACKING pc=0x000001ac8fff738c sp=0x0000009a609fa530
Event: 4.219 Thread 0x000001ac9e8aa800 DEOPT UNPACKING pc=0x000001ac8843852f sp=0x0000009a609fa4f0 mode 2
Event: 4.220 Thread 0x000001ac9e8aa800 Uncommon trap: trap_request=0xffffffc6 fr.pc=0x000001ac8fff738c relative=0x00000000000007cc
Event: 4.220 Thread 0x000001ac9e8aa800 Uncommon trap: reason=bimorphic_or_optimized_type_check action=maybe_recompile pc=0x000001ac8fff738c method=javafx.css.SimpleSelector.applies(Ljavafx/css/Styleable;)Z @ 95 c2
Event: 4.220 Thread 0x000001ac9e8aa800 DEOPT PACKING pc=0x000001ac8fff738c sp=0x0000009a609fa4a0
Event: 4.220 Thread 0x000001ac9e8aa800 DEOPT UNPACKING pc=0x000001ac8843852f sp=0x0000009a609fa460 mode 2
Event: 4.220 Thread 0x000001ac9e8aa800 Uncommon trap: trap_request=0xffffffc6 fr.pc=0x000001ac8fff738c relative=0x00000000000007cc
Event: 4.220 Thread 0x000001ac9e8aa800 Uncommon trap: reason=bimorphic_or_optimized_type_check action=maybe_recompile pc=0x000001ac8fff738c method=javafx.css.SimpleSelector.applies(Ljavafx/css/Styleable;)Z @ 95 c2
Event: 4.220 Thread 0x000001ac9e8aa800 DEOPT PACKING pc=0x000001ac8fff738c sp=0x0000009a609fa880
Event: 4.220 Thread 0x000001ac9e8aa800 DEOPT UNPACKING pc=0x000001ac8843852f sp=0x0000009a609fa840 mode 2
Event: 77.740 Thread 0x000001aca5043800 Uncommon trap: trap_request=0xffffffbe fr.pc=0x000001ac8ffcc970 relative=0x0000000000000530
Event: 77.740 Thread 0x000001aca5043800 Uncommon trap: reason=profile_predicate action=maybe_recompile pc=0x000001ac8ffcc970 method=java.io.WinNTFileSystem.normalize(Ljava/lang/String;)Ljava/lang/String; @ 25 c2
Event: 77.740 Thread 0x000001aca5043800 DEOPT PACKING pc=0x000001ac8ffcc970 sp=0x0000009a5f1fec50
Event: 77.740 Thread 0x000001aca5043800 DEOPT UNPACKING pc=0x000001ac8843852f sp=0x0000009a5f1febc8 mode 2

Classes unloaded (0 events):
No events

Classes redefined (0 events):
No events

Internal exceptions (20 events):
Event: 1.272 Thread 0x000001ac9e8aa800 Exception <a 'java/io/FileNotFoundException'{0x0000000089e72f80}> (0x0000000089e72f80) 
thrown [t:/workspace/open/src/hotspot/share/prims/jni.cpp, line 598]
Event: 1.272 Thread 0x000001ac9e8aa800 Exception <a 'java/io/FileNotFoundException'{0x0000000089e74c00}> (0x0000000089e74c00) 
thrown [t:/workspace/open/src/hotspot/share/prims/jni.cpp, line 598]
Event: 1.272 Thread 0x000001ac9e8aa800 Exception <a 'java/io/FileNotFoundException'{0x0000000089e764f0}> (0x0000000089e764f0) 
thrown [t:/workspace/open/src/hotspot/share/prims/jni.cpp, line 598]
Event: 1.291 Thread 0x000001ac9e8aa800 Exception <a 'sun/nio/fs/WindowsException'{0x0000000089d18b68}> (0x0000000089d18b68) 
thrown [t:/workspace/open/src/hotspot/share/prims/jni.cpp, line 598]
Event: 1.321 Thread 0x000001ac9e8aa800 Exception <a 'java/lang/ClassNotFoundException'{0x0000000089ceff58}: com/sun/javafx/scene/control/skin/resources/controls> (0x0000000089ceff58) 
thrown [t:/workspace/open/src/hotspot/share/prims/jni.cpp, line 619]
Event: 1.322 Thread 0x000001ac9e8aa800 Exception <a 'java/lang/ClassNotFoundException'{0x0000000089cfda28}: com/sun/javafx/scene/control/skin/resources/controls_ru> (0x0000000089cfda28) 
thrown [t:/workspace/open/src/hotspot/share/prims/jni.cpp, line 619]
Event: 1.323 Thread 0x000001ac9e8aa800 Exception <a 'java/lang/ClassNotFoundException'{0x0000000089b00568}: com/sun/javafx/scene/control/skin/resources/controls_ru_RU> (0x0000000089b00568) 
thrown [t:/workspace/open/src/hotspot/share/prims/jni.cpp, line 619]
Event: 1.349 Thread 0x000001ac9e8aa800 Implicit null exception at 0x000001ac8ff78405 to 0x000001ac8ff787ea
Event: 1.349 Thread 0x000001ac9e8aa800 Implicit null exception at 0x000001ac8ff8a7e8 to 0x000001ac8ff8a87a
Event: 1.351 Thread 0x000001ac9e8aa800 Implicit null exception at 0x000001ac8ff2282f to 0x000001ac8ff228ad
Event: 1.352 Thread 0x000001ac9e8aa800 Exception <a 'java/lang/NoSuchMethodError'{0x0000000089a76338}: 'void java.lang.invoke.DirectMethodHandle$Holder.invokeSpecial(java.lang.Object, java.lang.Object, java.lang.Object, java.lang.Object, java.lang.Object, java.lang.Object)'> (0x0000000089a76338) 
thrown [t:/workspace/open/src/hotspot/share/interpreter/linkResolver.cpp, line 767]
Event: 1.434 Thread 0x000001ac9e61a800 Exception <a 'java/lang/NoSuchMethodError'{0x000000008961b0f0}: 'int java.lang.invoke.DirectMethodHandle$Holder.invokeStaticInit(java.lang.Object, java.lang.Object)'> (0x000000008961b0f0) 
thrown [t:/workspace/open/src/hotspot/share/interpreter/linkResolver.cpp, line 767]
Event: 4.016 Thread 0x000001ac9e8aa800 Exception <a 'java/lang/NoSuchMethodError'{0x00000000893faaf8}: 'long java.lang.invoke.DirectMethodHandle$Holder.invokeStatic(java.lang.Object, java.lang.Object, java.lang.Object)'> (0x00000000893faaf8) 
thrown [t:/workspace/open/src/hotspot/share/interpreter/linkResolver.cpp, line 767]
Event: 4.017 Thread 0x000001ac9e8aa800 Exception <a 'java/lang/NoSuchMethodError'{0x00000000893fda48}: 'long java.lang.invoke.DirectMethodHandle$Holder.invokeStaticInit(java.lang.Object, java.lang.Object, java.lang.Object)'> (0x00000000893fda48) 
thrown [t:/workspace/open/src/hotspot/share/interpreter/linkResolver.cpp, line 767]
Event: 4.019 Thread 0x000001ac9e8aa800 Exception <a 'java/lang/NoSuchMethodError'{0x0000000089212518}: 'java.lang.Object java.lang.invoke.Invokers$Holder.linkToTargetMethod(java.lang.Object, long, java.lang.Object)'> (0x0000000089212518) 
thrown [t:/workspace/open/src/hotspot/share/interpreter/linkResolver.cpp, line 767]
Event: 4.138 Thread 0x000001ac9e8aa800 Exception <a 'java/io/FileNotFoundException'{0x000000008911f5d8}> (0x000000008911f5d8) 
thrown [t:/workspace/open/src/hotspot/share/prims/jni.cpp, line 598]
Event: 4.273 Thread 0x000001ac9e61a800 Exception <a 'java/lang/NoSuchMethodError'{0x000000008933ff10}: 'java.lang.Object java.lang.invoke.DirectMethodHandle$Holder.invokeStaticInit(java.lang.Object, int)'> (0x000000008933ff10) 
thrown [t:/workspace/open/src/hotspot/share/interpreter/linkResolver.cpp, line 767]
Event: 6.262 Thread 0x000001ac9e8aa800 Exception <a 'java/lang/NoSuchMethodError'{0x0000000088bd98f0}: 'java.lang.Object java.lang.invoke.DirectMethodHandle$Holder.invokeStatic(java.lang.Object, java.lang.Object, int, int, int, int, int, java.lang.Object)'> (0x0000000088bd98f0) 
thrown [t:/workspace/open/src/hotspot/share/interpreter/linkResolver.cpp, line 767]
Event: 6.264 Thread 0x000001ac9e8aa800 Exception <a 'java/lang/NoSuchMethodError'{0x0000000088be9428}: 'java.lang.Object java.lang.invoke.DirectMethodHandle$Holder.invokeStatic(java.lang.Object, java.lang.Object, java.lang.Object, int, int, int, int, int)'> (0x0000000088be9428) 
thrown [t:/workspace/open/src/hotspot/share/interpreter/linkResolver.cpp, line 767]
Event: 6.265 Thread 0x000001ac9e8aa800 Exception <a 'java/lang/NoSuchMethodError'{0x0000000088bef808}: 'java.lang.Object java.lang.invoke.Invokers$Holder.linkToTargetMethod(java.lang.Object, java.lang.Object, int, int, int, int, int, java.lang.Object)'> (0x0000000088bef808) 
thrown [t:/workspace/open/src/hotspot/share/interpreter/linkResolver.cpp, line 767]

Events (20 events):
Event: 77.739 Executing VM operation: RevokeBias
Event: 77.739 Executing VM operation: RevokeBias done
Event: 77.739 loading class com/sun/javafx/tk/quantum/QuantumRenderer
Event: 77.739 loading class com/sun/javafx/tk/quantum/QuantumRenderer done
Event: 77.739 Executing VM operation: RevokeBias
Event: 77.739 Executing VM operation: RevokeBias done
Event: 77.740 Executing VM operation: RevokeBias
Event: 77.740 Executing VM operation: RevokeBias done
Event: 77.740 Executing VM operation: RevokeBias
Event: 77.740 Executing VM operation: RevokeBias done
Event: 77.740 Executing VM operation: RevokeBias
Event: 77.740 Executing VM operation: RevokeBias done
Event: 77.740 Executing VM operation: RevokeBias
Event: 77.740 Executing VM operation: RevokeBias done
Event: 77.740 loading class com/sun/javafx/tk/quantum/QuantumToolkit
Event: 77.740 loading class com/sun/javafx/tk/quantum/QuantumToolkit done
Event: 77.740 Thread 0x000001ac9e238000 Thread exited: 0x000001ac9e238000
Event: 77.741 Thread 0x000001ac9e239000 Thread exited: 0x000001ac9e239000
Event: 77.741 Thread 0x000001aca5043800 Thread exited: 0x000001aca5043800
Event: 77.741 Executing VM operation: Exit


Dynamic libraries:
0x00007ff6fb7d0000 - 0x00007ff6fb7df000 	C:\Java\jdk-13.0.2\bin\java.exe
0x00007ffdf9710000 - 0x00007ffdf9908000 	C:\Windows\SYSTEM32\ntdll.dll
0x00007ffdf8a10000 - 0x00007ffdf8acd000 	C:\Windows\System32\KERNEL32.DLL
0x00007ffdf71a0000 - 0x00007ffdf746e000 	C:\Windows\System32\KERNELBASE.dll
0x00007ffdf7640000 - 0x00007ffdf7740000 	C:\Windows\System32\ucrtbase.dll
0x00007ffdf4210000 - 0x00007ffdf4225000 	C:\Java\jdk-13.0.2\bin\VCRUNTIME140.dll
0x00007ffdf1010000 - 0x00007ffdf1028000 	C:\Java\jdk-13.0.2\bin\jli.dll
0x00007ffdf7f90000 - 0x00007ffdf803e000 	C:\Windows\System32\ADVAPI32.dll
0x00007ffdf7e30000 - 0x00007ffdf7ece000 	C:\Windows\System32\msvcrt.dll
0x00007ffdf7ef0000 - 0x00007ffdf7f8c000 	C:\Windows\System32\sechost.dll
0x00007ffdf8040000 - 0x00007ffdf8165000 	C:\Windows\System32\RPCRT4.dll
0x00007ffdf7800000 - 0x00007ffdf79a0000 	C:\Windows\System32\USER32.dll
0x00007ffdf6fc0000 - 0x00007ffdf6fe2000 	C:\Windows\System32\win32u.dll
0x00007ffde3470000 - 0x00007ffde370a000 	C:\Windows\WinSxS\amd64_microsoft.windows.common-controls_6595b64144ccf1df_6.0.19041.1110_none_60b5254171f9507e\COMCTL32.dll
0x00007ffdf8cc0000 - 0x00007ffdf8cea000 	C:\Windows\System32\GDI32.dll
0x00007ffdf6ff0000 - 0x00007ffdf70fb000 	C:\Windows\System32\gdi32full.dll
0x00007ffdf7100000 - 0x00007ffdf719d000 	C:\Windows\System32\msvcp_win.dll
0x00007ffdf0c00000 - 0x00007ffdf0c0a000 	C:\Windows\SYSTEM32\VERSION.dll
0x00007ffdf96a0000 - 0x00007ffdf96d0000 	C:\Windows\System32\IMM32.DLL
0x00007ffde4710000 - 0x00007ffde47ab000 	C:\Java\jdk-13.0.2\bin\msvcp140.dll
0x00007ffd80520000 - 0x00007ffd8107d000 	C:\Java\jdk-13.0.2\bin\server\jvm.dll
0x00007ffdf8cf0000 - 0x00007ffdf8cf8000 	C:\Windows\System32\PSAPI.DLL
0x00007ffdf19f0000 - 0x00007ffdf19f9000 	C:\Windows\SYSTEM32\WSOCK32.dll
0x00007ffdddd40000 - 0x00007ffdddd67000 	C:\Windows\SYSTEM32\WINMM.dll
0x00007ffdf88c0000 - 0x00007ffdf892b000 	C:\Windows\System32\WS2_32.dll
0x00007ffdf56b0000 - 0x00007ffdf56c2000 	C:\Windows\SYSTEM32\kernel.appcore.dll
0x00007ffdf2770000 - 0x00007ffdf2780000 	C:\Java\jdk-13.0.2\bin\verify.dll
0x00007ffdf4ac0000 - 0x00007ffdf4ca4000 	C:\Windows\SYSTEM32\DBGHELP.DLL
0x00007ffdef2d0000 - 0x00007ffdef2fc000 	C:\Windows\SYSTEM32\dbgcore.DLL
0x00007ffdf6ee0000 - 0x00007ffdf6f62000 	C:\Windows\System32\bcryptPrimitives.dll
0x00007ffdf04f0000 - 0x00007ffdf0516000 	C:\Java\jdk-13.0.2\bin\java.dll
0x00007ffdf04c0000 - 0x00007ffdf04ce000 	C:\Java\jdk-13.0.2\bin\instrument.dll
0x00007ffdf04d0000 - 0x00007ffdf04e7000 	C:\Java\jdk-13.0.2\bin\zip.dll
0x00007ffdf1a00000 - 0x00007ffdf1a0a000 	C:\Java\jdk-13.0.2\bin\jimage.dll
0x00007ffdf8170000 - 0x00007ffdf88b3000 	C:\Windows\System32\SHELL32.dll
0x00007ffdf4f00000 - 0x00007ffdf5695000 	C:\Windows\SYSTEM32\windows.storage.dll
0x00007ffdf7ad0000 - 0x00007ffdf7e24000 	C:\Windows\System32\combase.dll
0x00007ffdf67c0000 - 0x00007ffdf67f0000 	C:\Windows\SYSTEM32\Wldp.dll
0x00007ffdf8d00000 - 0x00007ffdf8dad000 	C:\Windows\System32\SHCORE.dll
0x00007ffdf9440000 - 0x00007ffdf9495000 	C:\Windows\System32\shlwapi.dll
0x00007ffdf6d70000 - 0x00007ffdf6d8f000 	C:\Windows\SYSTEM32\profapi.dll
0x00007ffdefed0000 - 0x00007ffdefee9000 	C:\Java\jdk-13.0.2\bin\net.dll
0x00007ffde9d80000 - 0x00007ffde9e8a000 	C:\Windows\SYSTEM32\WINHTTP.dll
0x00007ffdf6520000 - 0x00007ffdf658a000 	C:\Windows\system32\mswsock.dll
0x00007ffdefeb0000 - 0x00007ffdefec3000 	C:\Java\jdk-13.0.2\bin\nio.dll
0x00007ffdeeef0000 - 0x00007ffdeef0a000 	D:\Soft for Develope\IntelliJ IDEA 2021.2.3 Ultimate\IntelliJ IDEA 2021.2.3\bin\breakgen64.dll
0x000001acfff30000 - 0x000001acfff33000 	C:\Java\jdk-13.0.2\bin\api-ms-win-core-console-l1-1-0.dll
0x000001acfff40000 - 0x000001acfff43000 	C:\Java\jdk-13.0.2\bin\api-ms-win-core-datetime-l1-1-0.dll
0x000001acfff50000 - 0x000001acfff53000 	C:\Java\jdk-13.0.2\bin\api-ms-win-core-debug-l1-1-0.dll
0x000001acfff60000 - 0x000001acfff63000 	C:\Java\jdk-13.0.2\bin\api-ms-win-core-errorhandling-l1-1-0.dll
0x000001acfff70000 - 0x000001acfff74000 	C:\Java\jdk-13.0.2\bin\api-ms-win-core-file-l1-1-0.dll
0x000001acfff80000 - 0x000001acfff83000 	C:\Java\jdk-13.0.2\bin\api-ms-win-core-file-l1-2-0.dll
0x000001acfff90000 - 0x000001acfff93000 	C:\Java\jdk-13.0.2\bin\api-ms-win-core-file-l2-1-0.dll
0x000001acfffa0000 - 0x000001acfffa3000 	C:\Java\jdk-13.0.2\bin\api-ms-win-core-handle-l1-1-0.dll
0x000001acfffb0000 - 0x000001acfffb3000 	C:\Java\jdk-13.0.2\bin\api-ms-win-core-heap-l1-1-0.dll
0x000001acfffc0000 - 0x000001acfffc3000 	C:\Java\jdk-13.0.2\bin\api-ms-win-core-interlocked-l1-1-0.dll
0x000001acfffd0000 - 0x000001acfffd3000 	C:\Java\jdk-13.0.2\bin\api-ms-win-core-libraryloader-l1-1-0.dll
0x000001acfffe0000 - 0x000001acfffe3000 	C:\Java\jdk-13.0.2\bin\api-ms-win-core-localization-l1-2-0.dll
0x000001acffff0000 - 0x000001acffff3000 	C:\Java\jdk-13.0.2\bin\api-ms-win-core-memory-l1-1-0.dll
0x000001ac9eb60000 - 0x000001ac9eb63000 	C:\Java\jdk-13.0.2\bin\api-ms-win-core-namedpipe-l1-1-0.dll
0x000001ac9eb70000 - 0x000001ac9eb73000 	C:\Java\jdk-13.0.2\bin\api-ms-win-core-processenvironment-l1-1-0.dll
0x000001ac9eb80000 - 0x000001ac9eb83000 	C:\Java\jdk-13.0.2\bin\api-ms-win-core-processthreads-l1-1-0.dll
0x000001ac9eb90000 - 0x000001ac9eb93000 	C:\Java\jdk-13.0.2\bin\api-ms-win-core-processthreads-l1-1-1.dll
0x000001ac9eba0000 - 0x000001ac9eba3000 	C:\Java\jdk-13.0.2\bin\api-ms-win-core-profile-l1-1-0.dll
0x000001ac9ebb0000 - 0x000001ac9ebb3000 	C:\Java\jdk-13.0.2\bin\api-ms-win-core-rtlsupport-l1-1-0.dll
0x000001ac9ebc0000 - 0x000001ac9ebc3000 	C:\Java\jdk-13.0.2\bin\api-ms-win-core-string-l1-1-0.dll
0x000001ac9ebd0000 - 0x000001ac9ebd3000 	C:\Java\jdk-13.0.2\bin\api-ms-win-core-synch-l1-1-0.dll
0x000001ac9ebe0000 - 0x000001ac9ebe3000 	C:\Java\jdk-13.0.2\bin\api-ms-win-core-synch-l1-2-0.dll
0x000001ac9ebf0000 - 0x000001ac9ebf3000 	C:\Java\jdk-13.0.2\bin\api-ms-win-core-sysinfo-l1-1-0.dll
0x000001ac9ec00000 - 0x000001ac9ec03000 	C:\Java\jdk-13.0.2\bin\api-ms-win-core-timezone-l1-1-0.dll
0x000001ac9ec10000 - 0x000001ac9ec13000 	C:\Java\jdk-13.0.2\bin\api-ms-win-core-util-l1-1-0.dll
0x000001ac9ec20000 - 0x000001ac9ec23000 	C:\Java\jdk-13.0.2\bin\api-ms-win-crt-conio-l1-1-0.dll
0x000001ac9ec30000 - 0x000001ac9ec34000 	C:\Java\jdk-13.0.2\bin\api-ms-win-crt-convert-l1-1-0.dll
0x000001ac9ec40000 - 0x000001ac9ec43000 	C:\Java\jdk-13.0.2\bin\api-ms-win-crt-environment-l1-1-0.dll
0x000001ac9ec50000 - 0x000001ac9ec53000 	C:\Java\jdk-13.0.2\bin\api-ms-win-crt-filesystem-l1-1-0.dll
0x000001ac9ec60000 - 0x000001ac9ec63000 	C:\Java\jdk-13.0.2\bin\api-ms-win-crt-heap-l1-1-0.dll
0x000001ac9ec70000 - 0x000001ac9ec73000 	C:\Java\jdk-13.0.2\bin\api-ms-win-crt-locale-l1-1-0.dll
0x000001ac9ec80000 - 0x000001ac9ec85000 	C:\Java\jdk-13.0.2\bin\api-ms-win-crt-math-l1-1-0.dll
0x000001ac9ec90000 - 0x000001ac9ec95000 	C:\Java\jdk-13.0.2\bin\api-ms-win-crt-multibyte-l1-1-0.dll
0x000001ac9eca0000 - 0x000001ac9ecb0000 	C:\Java\jdk-13.0.2\bin\api-ms-win-crt-private-l1-1-0.dll
0x000001ac9ecb0000 - 0x000001ac9ecb3000 	C:\Java\jdk-13.0.2\bin\api-ms-win-crt-process-l1-1-0.dll
0x000001ac9ecc0000 - 0x000001ac9ecc4000 	C:\Java\jdk-13.0.2\bin\api-ms-win-crt-runtime-l1-1-0.dll
0x000001ac9ecd0000 - 0x000001ac9ecd4000 	C:\Java\jdk-13.0.2\bin\api-ms-win-crt-stdio-l1-1-0.dll
0x000001ac9ece0000 - 0x000001ac9ece4000 	C:\Java\jdk-13.0.2\bin\api-ms-win-crt-string-l1-1-0.dll
0x000001ac9ecf0000 - 0x000001ac9ecf3000 	C:\Java\jdk-13.0.2\bin\api-ms-win-crt-time-l1-1-0.dll
0x000001ac9ed00000 - 0x000001ac9ed03000 	C:\Java\jdk-13.0.2\bin\api-ms-win-crt-utility-l1-1-0.dll
0x00007ffdcbc20000 - 0x00007ffdcbd1c000 	C:\Java\jdk-13.0.2\bin\ucrtbase.dll
0x00007ffdd0420000 - 0x00007ffdd046e000 	C:\Windows\System32\concrt140.dll
0x00007ffde2d70000 - 0x00007ffde2d7c000 	C:\Windows\SYSTEM32\VCRUNTIME140_1.dll
0x00007ffde05d0000 - 0x00007ffde05f3000 	C:\Users\Никита\.openjfx\cache\11-ea\prism_d3d.dll
0x00007ffdacd90000 - 0x00007ffdacf5f000 	C:\Windows\system32\d3d9.dll
0x00007ffdf4790000 - 0x00007ffdf47bf000 	C:\Windows\SYSTEM32\dwmapi.dll
0x00007ffdf4490000 - 0x00007ffdf452e000 	C:\Windows\system32\uxtheme.dll
0x00007ffdf79a0000 - 0x00007ffdf7aca000 	C:\Windows\System32\ole32.dll
0x00007ffdf8940000 - 0x00007ffdf8a0d000 	C:\Windows\System32\OLEAUT32.dll
0x00007ffdf6f70000 - 0x00007ffdf6fbe000 	C:\Windows\System32\cfgmgr32.dll
0x00007ffdf7740000 - 0x00007ffdf7767000 	C:\Windows\System32\bcrypt.dll
0x00007ffdcf740000 - 0x00007ffdcf785000 	C:\Users\Никита\.openjfx\cache\11-ea\glass.dll
0x00007ffdf8be0000 - 0x00007ffdf8cba000 	C:\Windows\System32\COMDLG32.dll
0x00007ffdf9500000 - 0x00007ffdf9615000 	C:\Windows\System32\MSCTF.dll
0x00007ffdec280000 - 0x00007ffdec2bb000 	C:\Windows\SYSTEM32\dxcore.dll
0x00007ffdee000000 - 0x00007ffdee014000 	C:\Users\Никита\.openjfx\cache\11-ea\javafx_font.dll
0x00007ffdd9ef0000 - 0x00007ffdda16f000 	C:\Windows\SYSTEM32\dwrite.dll
0x00007ffdf6720000 - 0x00007ffdf6738000 	C:\Windows\SYSTEM32\CRYPTSP.dll
0x00007ffdf5ea0000 - 0x00007ffdf5ed4000 	C:\Windows\system32\rsaenh.dll
0x00007ffdf6cf0000 - 0x00007ffdf6d1e000 	C:\Windows\SYSTEM32\USERENV.dll
0x00007ffdf6710000 - 0x00007ffdf671c000 	C:\Windows\SYSTEM32\CRYPTBASE.dll
0x00007ffdf6210000 - 0x00007ffdf624b000 	C:\Windows\SYSTEM32\IPHLPAPI.DLL
0x00007ffdf8930000 - 0x00007ffdf8938000 	C:\Windows\System32\NSI.dll
0x00007ffdedf70000 - 0x00007ffdedf87000 	C:\Windows\SYSTEM32\dhcpcsvc6.DLL
0x00007ffdee5e0000 - 0x00007ffdee5fd000 	C:\Windows\SYSTEM32\dhcpcsvc.DLL
0x00007ffdf6250000 - 0x00007ffdf631a000 	C:\Windows\SYSTEM32\DNSAPI.dll
0x00007ffdf8b30000 - 0x00007ffdf8bd9000 	C:\Windows\System32\clbcatq.dll
0x00007ffdef110000 - 0x00007ffdef2c4000 	C:\Windows\SYSTEM32\WindowsCodecs.dll
0x00007ffdce790000 - 0x00007ffdce7ce000 	C:\Windows\system32\dataexchange.dll
0x00007ffdf2c00000 - 0x00007ffdf2e63000 	C:\Windows\system32\d3d11.dll
0x00007ffdf3910000 - 0x00007ffdf3af4000 	C:\Windows\system32\dcomp.dll
0x00007ffdf5720000 - 0x00007ffdf5813000 	C:\Windows\system32\dxgi.dll
0x00007ffdefaa0000 - 0x00007ffdefca0000 	C:\Windows\system32\twinapi.appcore.dll
0x00007ffdd4e00000 - 0x00007ffdd4e34000 	C:\Program Files\Common Files\Microsoft Shared\Ink\rtscom.dll
0x00007ffdde500000 - 0x00007ffdde5f9000 	C:\Windows\SYSTEM32\textinputframework.dll
0x00007ffdf3c40000 - 0x00007ffdf3f9e000 	C:\Windows\System32\CoreUIComponents.dll
0x00007ffdf40a0000 - 0x00007ffdf4192000 	C:\Windows\System32\CoreMessaging.dll
0x00007ffdf3430000 - 0x00007ffdf3584000 	C:\Windows\SYSTEM32\wintypes.dll
0x00007ffdf5b30000 - 0x00007ffdf5b63000 	C:\Windows\SYSTEM32\ntmarta.dll
0x00007ffdf2e70000 - 0x00007ffdf3430000 	C:\Windows\SYSTEM32\d2d1.dll
0x00007ffdec300000 - 0x00007ffdec9f6000 	C:\Windows\SYSTEM32\D3D10Warp.dll

dbghelp: loaded successfully - version: 4.0.5 - missing functions: none
symbol engine: initialized successfully - sym options: 0x614 - pdb path: .;C:\Java\jdk-13.0.2\bin;C:\Windows\SYSTEM32;C:\Windows\WinSxS\amd64_microsoft.windows.common-controls_6595b64144ccf1df_6.0.19041.1110_none_60b5254171f9507e;C:\Java\jdk-13.0.2\bin\server;D:\Soft for Develope\IntelliJ IDEA 2021.2.3 Ultimate\IntelliJ IDEA 2021.2.3\bin;C:\Users\Никита\.openjfx\cache\11-ea;C:\Windows\System32\DriverStore\FileRepository\iigd_dch.inf_amd64_bc89636c592ed116;C:\Program Files\Common Files\Microsoft Shared\Ink

VM Arguments:
jvm_args: -javaagent:D:\Soft for Develope\IntelliJ IDEA 2021.2.3 Ultimate\IntelliJ IDEA 2021.2.3\lib\idea_rt.jar=51970:D:\Soft for Develope\IntelliJ IDEA 2021.2.3 Ultimate\IntelliJ IDEA 2021.2.3\bin -Dfile.encoding=UTF-8 --module-path=C:\Users\Никита\.m2\repository\org\controlsfx\controlsfx\11.1.0\controlsfx-11.1.0.jar;C:\Users\Никита\.m2\repository\net\synedra\validatorfx\0.1.13\validatorfx-0.1.13.jar;C:\Users\Никита\.m2\repository\org\openjfx\javafx-graphics\11-ea+24\javafx-graphics-11-ea+24-win.jar;C:\Users\Никита\.m2\repository\org\openjfx\javafx-base\11-ea+24\javafx-base-11-ea+24-win.jar;C:\Users\Никита\.m2\repository\com\dlsc\formsfx\formsfx-core\11.3.2\formsfx-core-11.3.2.jar;C:\Users\Никита\.m2\repository\org\kordamp\bootstrapfx\bootstrapfx-core\0.4.0\bootstrapfx-core-0.4.0.jar;C:\Users\Никита\.m2\repository\org\openjfx\javafx-fxml\13.0.2\javafx-fxml-13.0.2-win.jar;C:\Users\Никита\.m2\repository\org\openjfx\javafx-controls\13.0.2\javafx-controls-13.0.2-win.jar;D:\Application\IdeaProjects\javaFX\Учет пациентов в поликлинике\target\classes -Djdk.module.main=com.example.polyclinic 
java_command: com.example.polyclinic/controllers.MainClient
java_class_path (initial): C:\Users\Никита\.m2\repository\com\google\code\gson\gson\2.9.0\gson-2.9.0.jar;C:\Users\Никита\.m2\repository\org\openjfx\javafx-swing\11-ea+24\javafx-swing-11-ea+24.jar;C:\Users\Никита\.m2\repository\org\openjfx\javafx-swing\11-ea+24\javafx-swing-11-ea+24-win.jar;C:\Users\Никита\.m2\repository\org\openjfx\javafx-graphics\11-ea+24\javafx-graphics-11-ea+24.jar;C:\Users\Никита\.m2\repository\org\openjfx\javafx-base\11-ea+24\javafx-base-11-ea+24.jar;C:\Users\Никита\.m2\repository\commons-validator\commons-validator\1.7\commons-validator-1.7.jar;C:\Users\Никита\.m2\repository\commons-beanutils\commons-beanutils\1.9.4\commons-beanutils-1.9.4.jar;C:\Users\Никита\.m2\repository\commons-digester\commons-digester\2.1\commons-digester-2.1.jar;C:\Users\Никита\.m2\repository\commons-logging\commons-logging\1.2\commons-logging-1.2.jar;C:\Users\Никита\.m2\repository\commons-collections\commons-collections\3.2.2\commons-collections-3.2.2.jar;C:\Users\Никита\.m2\repository\org\openjfx\javafx-controls\13.0.2\javafx-controls-13.0.2.jar;C:\Users\Никита\.m2\repository\org\openjfx\javafx-fxml\13.0.2\javafx-fxml-13.0.2.jar;C:\Users\Никита\.m2\repository\org\kordamp\ikonli\ikonli-javafx\12.2.0\ikonli-javafx-12.2.0.jar;C:\Users\Никита\.m2\repository\org\kordamp\ikonli\ikonli-core\12.2.0\ikonli-core-12.2.0.jar;C:\Users\Никита\.m2\repository\de\jensd\fontawesomefx-fontawesome\4.7.0-9.1.2\fontawesomefx-fontawesome-4.7.0-9.1.2.jar;C:\Users\Никита\.m2\repository\de\jensd\fontawesomefx-commons\9.1.2\fontawesomefx-commons-9.1.2.jar
Launcher Type: SUN_STANDARD

[Global flags]
     intx CICompilerCount                          = 4                                         {product} {ergonomic}
     uint ConcGCThreads                            = 2                                         {product} {ergonomic}
     uint G1ConcRefinementThreads                  = 8                                         {product} {ergonomic}
   size_t G1HeapRegionSize                         = 1048576                                   {product} {ergonomic}
    uintx GCDrainStackTargetSize                   = 64                                        {product} {ergonomic}
   size_t InitialHeapSize                          = 130023424                                 {product} {ergonomic}
   size_t MarkStackSize                            = 4194304                                   {product} {ergonomic}
   size_t MaxHeapSize                              = 2080374784                                {product} {ergonomic}
   size_t MaxNewSize                               = 1247805440                                {product} {ergonomic}
   size_t MinHeapDeltaBytes                        = 1048576                                   {product} {ergonomic}
   size_t MinHeapSize                              = 8388608                                   {product} {ergonomic}
    uintx NonNMethodCodeHeapSize                   = 5839372                                {pd product} {ergonomic}
    uintx NonProfiledCodeHeapSize                  = 122909434                              {pd product} {ergonomic}
    uintx ProfiledCodeHeapSize                     = 122909434                              {pd product} {ergonomic}
    uintx ReservedCodeCacheSize                    = 251658240                              {pd product} {ergonomic}
     bool SegmentedCodeCache                       = true                                      {product} {ergonomic}
   size_t SoftMaxHeapSize                          = 2080374784                             {manageable} {ergonomic}
     bool UseCompressedClassPointers               = true                                 {lp64_product} {ergonomic}
     bool UseCompressedOops                        = true                                 {lp64_product} {ergonomic}
     bool UseG1GC                                  = true                                      {product} {ergonomic}
     bool UseLargePagesIndividualAllocation        = false                                  {pd product} {ergonomic}

Logging:
Log output configuration:
 #0: stdout all=off uptime,level,tags
 #1: stderr all=off uptime,level,tags

Environment Variables:
PATH=C:\Windows\system32;C:\Windows;C:\Windows\System32\Wbem;C:\Windows\System32\WindowsPowerShell\v1.0\;C:\Windows\System32\OpenSSH\;C:\Program Files\dotnet\;C:\Program Files\Microsoft SQL Server\130\Tools\Binn\;C:\Program Files\Microsoft SQL Server\Client SDK\ODBC\170\Tools\Binn\;D:\Soft for Develope\node js npm\;C:\Program Files\Git\cmd;C:\Program Files\MySQL\MySQL Shell 8.0\bin\;C:\Users\Никита\AppData\Local\Microsoft\WindowsApps;C:\Users\Никита\.dotnet\tools;D:\Soft for Develope\IntelliJ IDEA 2021.2.3 Ultimate\bin;;C:\Users\Никита\AppData\Roaming\npm
USERNAME=Никита
OS=Windows_NT
PROCESSOR_IDENTIFIER=Intel64 Family 6 Model 126 Stepping 5, GenuineIntel



---------------  S Y S T E M  ---------------

OS: Windows 10 , 64 bit Build 19041 (10.0.19041.1889)

CPU:total 8 (initial active 8) (4 cores per cpu, 2 threads per core) family 6 model 126 stepping 5, cmov, cx8, fxsr, mmx, sse, sse2, sse3, ssse3, sse4.1, sse4.2, popcnt, avx, avx2, aes, clmul, erms, 3dnowpref, lzcnt, ht, tsc, tscinvbit, bmi1, bmi2, adx, evex, sha, fma

Memory: 4k page, system-wide physical 7930M (1122M free)
TotalPageFile size 21242M (AvailPageFile size 12177M)
current process WorkingSet (physical memory assigned to process): 158M, peak: 204M
current process commit charge ("private bytes"): 269M, peak: 314M

vm_info: Java HotSpot(TM) 64-Bit Server VM (13.0.2+8) for windows-amd64 JRE (13.0.2+8), built on Dec 11 2019 09:20:33 by "mach5one" with unknown MS VC++:1916

END.
