#
# A fatal error has been detected by the Java Runtime Environment:
#
#  EXCEPTION_ACCESS_VIOLATION (0xc0000005) at pc=0x00007ffdcf766730, pid=2924, tid=3040
#
# JRE version: Java(TM) SE Runtime Environment (13.0.2+8) (build 13.0.2+8)
# Java VM: Java HotSpot(TM) 64-Bit Server VM (13.0.2+8, mixed mode, sharing, tiered, compressed oops, g1 gc, windows-amd64)
# Problematic frame:
# C  [glass.dll+0x26730]
#
# No core dump will be written. Minidumps are not enabled by default on client versions of Windows
#
# If you would like to submit a bug report, please visit:
#   http://bugreport.java.com/bugreport/crash.jsp
#

---------------  S U M M A R Y ------------

Command Line: -javaagent:D:\Soft for Develope\IntelliJ IDEA 2021.2.3 Ultimate\IntelliJ IDEA 2021.2.3\lib\idea_rt.jar=51964:D:\Soft for Develope\IntelliJ IDEA 2021.2.3 Ultimate\IntelliJ IDEA 2021.2.3\bin -Dfile.encoding=UTF-8 --module-path=C:\Users\Никита\.m2\repository\org\controlsfx\controlsfx\11.1.0\controlsfx-11.1.0.jar;C:\Users\Никита\.m2\repository\net\synedra\validatorfx\0.1.13\validatorfx-0.1.13.jar;C:\Users\Никита\.m2\repository\org\openjfx\javafx-graphics\11-ea+24\javafx-graphics-11-ea+24-win.jar;C:\Users\Никита\.m2\repository\org\openjfx\javafx-base\11-ea+24\javafx-base-11-ea+24-win.jar;C:\Users\Никита\.m2\repository\com\dlsc\formsfx\formsfx-core\11.3.2\formsfx-core-11.3.2.jar;C:\Users\Никита\.m2\repository\org\kordamp\bootstrapfx\bootstrapfx-core\0.4.0\bootstrapfx-core-0.4.0.jar;C:\Users\Никита\.m2\repository\org\openjfx\javafx-fxml\13.0.2\javafx-fxml-13.0.2-win.jar;C:\Users\Никита\.m2\repository\org\openjfx\javafx-controls\13.0.2\javafx-controls-13.0.2-win.jar;D:\Application\IdeaProjects\javaFX\Учет пациентов в поликлинике\target\classes -Djdk.module.main=com.example.polyclinic com.example.polyclinic/controllers.MainClient

Host: Intel(R) Core(TM) i5-1035G1 CPU @ 1.00GHz, 8 cores, 7G,  Windows 10 , 64 bit Build 19041 (10.0.19041.1889)
Time: Mon Oct 10 13:31:36 2022 RTZ 2 (зима) elapsed time: 16 seconds (0d 0h 0m 16s)

---------------  T H R E A D  ---------------

Current thread (0x00000289cd500800):  VMThread "VM Thread" [stack: 0x000000b559000000,0x000000b559100000] [id=3040]

Stack: [0x000000b559000000,0x000000b559100000],  sp=0x000000b5590ff100,  free space=1020k
Native frames: (J=compiled Java code, j=interpreted, Vv=VM code, C=native code)
C  [glass.dll+0x26730]


siginfo: EXCEPTION_ACCESS_VIOLATION (0xc0000005), reading address 0x0000000000000000


Register to memory mapping:

RIP=0x00007ffdcf766730 glass.dll
RAX=0x0 is NULL
RBX=0x00000289cd50f840 is a global jni handle
RCX=0x00000289cd500800 points into unknown readable memory: a0 68 e1 80 fd 7f 00 00
RDX=0x000000b5590ff100 points into unknown readable memory: 00 00 00 00 00 00 00 00
RSP=0x000000b5590ff100 points into unknown readable memory: 00 00 00 00 00 00 00 00
RBP=0x00000289ce7b8748 points into unknown readable memory: 77 65 e4 64 62 67 00 00
RSI=0x00000289ce7b8720 points into unknown readable memory: 6c de 03 9a 5d 67 00 6c
RDI=0x0000676264e46577 is an unknown value
R8 =0x0000000000010002 is an unknown value
R9 =0x0000676264e46577 is an unknown value
R10=0x0000000000008000 is an unknown value
R11=0x000000b5590ff0a0 points into unknown readable memory: 20 87 7b ce 89 02 00 00
R12=0x00007ffdcf763be0 glass.dll
R13=0x00000289cd500018 points into unknown readable memory: 00 08 50 cd 89 02 00 00
R14=0x000000b5590ff208 points into unknown readable memory: f0 f1 0f 59 b5 00 00 00
R15=0x00000289ce7b8720 points into unknown readable memory: 6c de 03 9a 5d 67 00 6c


Registers:
RAX=0x0000000000000000, RBX=0x00000289cd50f840, RCX=0x00000289cd500800, RDX=0x000000b5590ff100
RSP=0x000000b5590ff100, RBP=0x00000289ce7b8748, RSI=0x00000289ce7b8720, RDI=0x0000676264e46577
R8 =0x0000000000010002, R9 =0x0000676264e46577, R10=0x0000000000008000, R11=0x000000b5590ff0a0
R12=0x00007ffdcf763be0, R13=0x00000289cd500018, R14=0x000000b5590ff208, R15=0x00000289ce7b8720
RIP=0x00007ffdcf766730, EFLAGS=0x0000000000010202

Top of Stack: (sp=0x000000b5590ff100)
0x000000b5590ff100:   0000000000000000 00007ffdf764f05b
0x000000b5590ff110:   00000289ce7b8730 00000289ce7b8720
0x000000b5590ff120:   fffffffffffffffe 00007ffdcf763be0
0x000000b5590ff130:   00000289ce7b8728 00007ffdf76542d6
0x000000b5590ff140:   00000289ce7b8730 0000028900000000
0x000000b5590ff150:   00000289ce7b8748 00000289ce7b8720
0x000000b5590ff160:   fffffffffffffffe 0000000000000000
0x000000b5590ff170:   0000000000000001 00007ffdcf740000
0x000000b5590ff180:   000000b5590ff1f8 00007ffdf76541fb
0x000000b5590ff190:   0000000000000000 000000b5590ff208
0x000000b5590ff1a0:   000000b5590ff4c0 00007ffdf7730e40
0x000000b5590ff1b0:   0000000000000001 00007ffdf76541b4
0x000000b5590ff1c0:   0000000000000000 0000000000000001
0x000000b5590ff1d0:   00007ffd0000000d 000000b5590ff1f8
0x000000b5590ff1e0:   0000000000000000 00007ffdcf763a60
0x000000b5590ff1f0:   00007ffdcf77d100 000000b500000002 

Instructions: (pc=0x00007ffdcf766730)
0x00007ffdcf766630:   8b 4d 60 e8 d8 c9 ff ff 48 8b 55 68 48 8b 8d 08
0x00007ffdcf766640:   01 00 00 e8 a9 be ff ff 33 d2 33 c9 e8 a9 de ff
0x00007ffdcf766650:   ff 90 cc cc cc cc cc cc cc cc cc cc cc cc cc cc
0x00007ffdcf766660:   48 8d 8a 80 00 00 00 e9 14 ea fe ff 48 89 54 24
0x00007ffdcf766670:   10 55 48 83 ec 20 48 8b ea 48 8d 05 1d cb ff ff
0x00007ffdcf766680:   48 83 c4 20 5d c3 cc 40 55 48 8b ea 48 8b 01 33
0x00007ffdcf766690:   c9 81 38 05 00 00 c0 0f 94 c1 8b c1 5d c3 cc 40
0x00007ffdcf7666a0:   55 48 83 ec 20 48 8b ea 8a 4d 40 48 83 c4 20 5d
0x00007ffdcf7666b0:   e9 23 ce ff ff cc 40 55 48 83 ec 20 48 8b ea e8
0x00007ffdcf7666c0:   3c cc ff ff 8a 4d 38 48 83 c4 20 5d e9 07 ce ff
0x00007ffdcf7666d0:   ff cc 40 55 48 83 ec 30 48 8b ea 48 8b 01 8b 10
0x00007ffdcf7666e0:   48 89 4c 24 28 89 54 24 20 4c 8d 0d d0 d1 ff ff
0x00007ffdcf7666f0:   4c 8b 45 70 8b 55 68 48 8b 4d 60 e8 70 cb ff ff
0x00007ffdcf766700:   90 48 83 c4 30 5d c3 cc cc cc cc cc cc cc cc cc
0x00007ffdcf766710:   40 53 48 83 ec 30 48 c7 44 24 20 fe ff ff ff 48
0x00007ffdcf766720:   8b 1d ea 63 01 00 48 85 db 74 16 e8 90 86 ff ff
0x00007ffdcf766730:   4c 8b 00 48 8b d3 48 8b c8 41 ff 90 b0 00 00 00
0x00007ffdcf766740:   90 48 83 c4 30 5b c3 cc cc cc cc cc cc cc cc cc
0x00007ffdcf766750:   40 53 48 83 ec 20 48 8b 1d 4b 65 01 00 48 85 db
0x00007ffdcf766760:   74 57 b8 ff ff ff ff f0 0f c1 43 10 83 f8 01 75
0x00007ffdcf766770:   3d 48 85 db 74 38 48 8b 0b 48 85 c9 74 0d ff 15
0x00007ffdcf766780:   24 0b 00 00 48 c7 03 00 00 00 00 48 8b 4b 08 48
0x00007ffdcf766790:   85 c9 74 0d e8 77 c8 ff ff 48 c7 43 08 00 00 00
0x00007ffdcf7667a0:   00 ba 18 00 00 00 48 8b cb e8 62 c8 ff ff 48 c7
0x00007ffdcf7667b0:   05 ef 64 01 00 00 00 00 00 48 83 c4 20 5b c3 cc
0x00007ffdcf7667c0:   40 53 48 83 ec 20 48 8b 1d bb 64 01 00 48 85 db
0x00007ffdcf7667d0:   74 57 b8 ff ff ff ff f0 0f c1 43 10 83 f8 01 75
0x00007ffdcf7667e0:   3d 48 85 db 74 38 48 8b 0b 48 85 c9 74 0d ff 15
0x00007ffdcf7667f0:   b4 0a 00 00 48 c7 03 00 00 00 00 48 8b 4b 08 48
0x00007ffdcf766800:   85 c9 74 0d e8 07 c8 ff ff 48 c7 43 08 00 00 00
0x00007ffdcf766810:   00 ba 18 00 00 00 48 8b cb e8 f2 c7 ff ff 48 c7
0x00007ffdcf766820:   05 5f 64 01 00 00 00 00 00 48 83 c4 20 5b c3 cc 


Stack slot to memory mapping:
stack at sp + 0 slots: 0x0 is NULL
stack at sp + 1 slots: 0x00007ffdf764f05b ucrtbase.dll
stack at sp + 2 slots: 0x00000289ce7b8730 points into unknown readable memory: 77 65 e4 64 62 67 00 00
stack at sp + 3 slots: 0x00000289ce7b8720 points into unknown readable memory: 6c de 03 9a 5d 67 00 6c
stack at sp + 4 slots: 0xfffffffffffffffe is an unknown value
stack at sp + 5 slots: 0x00007ffdcf763be0 glass.dll
stack at sp + 6 slots: 0x00000289ce7b8728 points into unknown readable memory: 77 65 e4 64 62 67 00 00
stack at sp + 7 slots: 0x00007ffdf76542d6 ucrtbase.dll

VM_Operation (0x000000b5599ff050): Exit, mode: safepoint, requested by thread 0x00000289d4e8c800


---------------  P R O C E S S  ---------------

Threads class SMR info:
_java_thread_list=0x00000289d3859740, length=19, elements={
0x00000289ae0ad800, 0x00000289cd501800, 0x00000289cd504800, 0x00000289cd523000,
0x00000289cd524000, 0x00000289cd525000, 0x00000289cd52b800, 0x00000289cde42800,
0x00000289cd4e9800, 0x00000289ce48d800, 0x00000289ce502800, 0x00000289ce32b800,
0x00000289ce809800, 0x00000289ce80f800, 0x00000289d33c0800, 0x00000289d33b8800,
0x00000289d3559800, 0x00000289d3b8a800, 0x00000289d4e8c800
}

Java Threads: ( => current thread )
  0x00000289ae0ad800 JavaThread "main" [_thread_blocked, id=5472, stack(0x000000b558a00000,0x000000b558b00000)]
  0x00000289cd501800 JavaThread "Reference Handler" daemon [_thread_blocked, id=9484, stack(0x000000b559100000,0x000000b559200000)]
  0x00000289cd504800 JavaThread "Finalizer" daemon [_thread_blocked, id=5680, stack(0x000000b559200000,0x000000b559300000)]
  0x00000289cd523000 JavaThread "Signal Dispatcher" daemon [_thread_blocked, id=4080, stack(0x000000b559300000,0x000000b559400000)]
  0x00000289cd524000 JavaThread "Attach Listener" daemon [_thread_blocked, id=5420, stack(0x000000b559400000,0x000000b559500000)]
  0x00000289cd525000 JavaThread "C2 CompilerThread0" daemon [_thread_blocked, id=8492, stack(0x000000b559500000,0x000000b559600000)]
  0x00000289cd52b800 JavaThread "C1 CompilerThread0" daemon [_thread_blocked, id=292, stack(0x000000b559600000,0x000000b559700000)]
  0x00000289cde42800 JavaThread "Sweeper thread" daemon [_thread_blocked, id=10508, stack(0x000000b559700000,0x000000b559800000)]
  0x00000289cd4e9800 JavaThread "Common-Cleaner" daemon [_thread_blocked, id=12196, stack(0x000000b559800000,0x000000b559900000)]
  0x00000289ce48d800 JavaThread "Monitor Ctrl-Break" daemon [_thread_in_native, id=1264, stack(0x000000b559b00000,0x000000b559c00000)]
  0x00000289ce502800 JavaThread "Service Thread" daemon [_thread_blocked, id=1868, stack(0x000000b559c00000,0x000000b559d00000)]
  0x00000289ce32b800 JavaThread "QuantumRenderer-0" daemon [_thread_blocked, id=5308, stack(0x000000b559e00000,0x000000b559f00000)]
  0x00000289ce809800 JavaThread "InvokeLaterDispatcher" daemon [_thread_blocked, id=3372, stack(0x000000b559f00000,0x000000b55a000000)]
  0x00000289ce80f800 JavaThread "JavaFX Application Thread" [_thread_in_native, id=11692, stack(0x000000b55a000000,0x000000b55a100000)]
  0x00000289d33c0800 JavaThread "JavaFX-Launcher" [_thread_blocked, id=7264, stack(0x000000b55a500000,0x000000b55a600000)]
  0x00000289d33b8800 JavaThread "Thread-2" daemon [_thread_in_native, id=7980, stack(0x000000b55a400000,0x000000b55a500000)]
  0x00000289d3559800 JavaThread "Prism Font Disposer" daemon [_thread_blocked, id=6676, stack(0x000000b55ab00000,0x000000b55ac00000)]
  0x00000289d3b8a800 JavaThread "Cleaner-0" daemon [_thread_blocked, id=9160, stack(0x000000b55af00000,0x000000b55b000000)]
  0x00000289d4e8c800 JavaThread "SIGINT handler" daemon [_thread_blocked, id=4496, stack(0x000000b559900000,0x000000b559a00000)]

Other Threads:
=>0x00000289cd500800 VMThread "VM Thread" [stack: 0x000000b559000000,0x000000b559100000] [id=3040]
  0x00000289ae0f0000 GCTaskThread "GC Thread#0" [stack: 0x000000b558b00000,0x000000b558c00000] [id=2668]
  0x00000289d3382800 GCTaskThread "GC Thread#1" [stack: 0x000000b55a600000,0x000000b55a700000] [id=7884]
  0x00000289cea09000 GCTaskThread "GC Thread#2" [stack: 0x000000b55a700000,0x000000b55a800000] [id=12200]
  0x00000289cea16800 GCTaskThread "GC Thread#3" [stack: 0x000000b55a800000,0x000000b55a900000] [id=7292]
  0x00000289d3481800 GCTaskThread "GC Thread#4" [stack: 0x000000b55a900000,0x000000b55aa00000] [id=7580]
  0x00000289d3482000 GCTaskThread "GC Thread#5" [stack: 0x000000b55aa00000,0x000000b55ab00000] [id=1932]
  0x00000289ae101800 ConcurrentGCThread "G1 Main Marker" [stack: 0x000000b558c00000,0x000000b558d00000] [id=11180]
  0x00000289ae103000 ConcurrentGCThread "G1 Conc#0" [stack: 0x000000b558d00000,0x000000b558e00000] [id=4352]
  0x00000289ae18d800 ConcurrentGCThread "G1 Refine#0" [stack: 0x000000b558e00000,0x000000b558f00000] [id=11076]
  0x00000289cd368800 ConcurrentGCThread "G1 Young RemSet Sampling" [stack: 0x000000b558f00000,0x000000b559000000] [id=3628]

Threads with active compile tasks:

VM state:at safepoint (shutting down)

VM Mutex/Monitor currently owned by a thread:  ([mutex/lock_event])
[0x00000289ae0aa920] Threads_lock - owner thread: 0x00000289cd500800
[0x00000289ae0aada0] Heap_lock - owner thread: 0x00000289d4e8c800

Heap address: 0x0000000084000000, size: 1984 MB, Compressed Oops mode: 32-bit
Narrow klass base: 0x0000000800000000, Narrow klass shift: 3
Compressed class space size: 1073741824 Address: 0x0000000800b40000

Heap:
 garbage-first heap   total 126976K, used 57643K [0x0000000084000000, 0x0000000100000000)
  region size 1024K, 55 young (56320K), 3 survivors (3072K)
 Metaspace       used 16841K, capacity 17552K, committed 17792K, reserved 1064960K
  class space    used 2321K, capacity 2626K, committed 2688K, reserved 1048576K
Heap Regions: E=young(eden), S=young(survivor), O=old, HS=humongous(starts), HC=humongous(continues), CS=collection set, F=free, A=archive, TAMS=top-at-mark-start (previous, next)
|   0|0x0000000084000000, 0x000000008404ac00, 0x0000000084100000| 29%| O|  |TAMS 0x0000000084000000, 0x0000000084000000| Untracked 
|   1|0x0000000084100000, 0x0000000084200000, 0x0000000084200000|100%|HS|  |TAMS 0x0000000084100000, 0x0000000084100000| Complete 
|   2|0x0000000084200000, 0x0000000084300000, 0x0000000084300000|100%|HC|  |TAMS 0x0000000084200000, 0x0000000084200000| Complete 
|   3|0x0000000084300000, 0x0000000084300000, 0x0000000084400000|  0%| F|  |TAMS 0x0000000084300000, 0x0000000084300000| Untracked 
|   4|0x0000000084400000, 0x0000000084400000, 0x0000000084500000|  0%| F|  |TAMS 0x0000000084400000, 0x0000000084400000| Untracked 
|   5|0x0000000084500000, 0x0000000084500000, 0x0000000084600000|  0%| F|  |TAMS 0x0000000084500000, 0x0000000084500000| Untracked 
|   6|0x0000000084600000, 0x0000000084600000, 0x0000000084700000|  0%| F|  |TAMS 0x0000000084600000, 0x0000000084600000| Untracked 
|   7|0x0000000084700000, 0x0000000084700000, 0x0000000084800000|  0%| F|  |TAMS 0x0000000084700000, 0x0000000084700000| Untracked 
|   8|0x0000000084800000, 0x0000000084800000, 0x0000000084900000|  0%| F|  |TAMS 0x0000000084800000, 0x0000000084800000| Untracked 
|   9|0x0000000084900000, 0x0000000084900000, 0x0000000084a00000|  0%| F|  |TAMS 0x0000000084900000, 0x0000000084900000| Untracked 
|  10|0x0000000084a00000, 0x0000000084a00000, 0x0000000084b00000|  0%| F|  |TAMS 0x0000000084a00000, 0x0000000084a00000| Untracked 
|  11|0x0000000084b00000, 0x0000000084b00000, 0x0000000084c00000|  0%| F|  |TAMS 0x0000000084b00000, 0x0000000084b00000| Untracked 
|  12|0x0000000084c00000, 0x0000000084c00000, 0x0000000084d00000|  0%| F|  |TAMS 0x0000000084c00000, 0x0000000084c00000| Untracked 
|  13|0x0000000084d00000, 0x0000000084d00000, 0x0000000084e00000|  0%| F|  |TAMS 0x0000000084d00000, 0x0000000084d00000| Untracked 
|  14|0x0000000084e00000, 0x0000000084e00000, 0x0000000084f00000|  0%| F|  |TAMS 0x0000000084e00000, 0x0000000084e00000| Untracked 
|  15|0x0000000084f00000, 0x0000000084f00000, 0x0000000085000000|  0%| F|  |TAMS 0x0000000084f00000, 0x0000000084f00000| Untracked 
|  16|0x0000000085000000, 0x0000000085000000, 0x0000000085100000|  0%| F|  |TAMS 0x0000000085000000, 0x0000000085000000| Untracked 
|  17|0x0000000085100000, 0x0000000085100000, 0x0000000085200000|  0%| F|  |TAMS 0x0000000085100000, 0x0000000085100000| Untracked 
|  18|0x0000000085200000, 0x0000000085200000, 0x0000000085300000|  0%| F|  |TAMS 0x0000000085200000, 0x0000000085200000| Untracked 
|  19|0x0000000085300000, 0x0000000085300000, 0x0000000085400000|  0%| F|  |TAMS 0x0000000085300000, 0x0000000085300000| Untracked 
|  20|0x0000000085400000, 0x0000000085400000, 0x0000000085500000|  0%| F|  |TAMS 0x0000000085400000, 0x0000000085400000| Untracked 
|  21|0x0000000085500000, 0x0000000085500000, 0x0000000085600000|  0%| F|  |TAMS 0x0000000085500000, 0x0000000085500000| Untracked 
|  22|0x0000000085600000, 0x0000000085600000, 0x0000000085700000|  0%| F|  |TAMS 0x0000000085600000, 0x0000000085600000| Untracked 
|  23|0x0000000085700000, 0x0000000085700000, 0x0000000085800000|  0%| F|  |TAMS 0x0000000085700000, 0x0000000085700000| Untracked 
|  24|0x0000000085800000, 0x0000000085800000, 0x0000000085900000|  0%| F|  |TAMS 0x0000000085800000, 0x0000000085800000| Untracked 
|  25|0x0000000085900000, 0x0000000085900000, 0x0000000085a00000|  0%| F|  |TAMS 0x0000000085900000, 0x0000000085900000| Untracked 
|  26|0x0000000085a00000, 0x0000000085a00000, 0x0000000085b00000|  0%| F|  |TAMS 0x0000000085a00000, 0x0000000085a00000| Untracked 
|  27|0x0000000085b00000, 0x0000000085b00000, 0x0000000085c00000|  0%| F|  |TAMS 0x0000000085b00000, 0x0000000085b00000| Untracked 
|  28|0x0000000085c00000, 0x0000000085c00000, 0x0000000085d00000|  0%| F|  |TAMS 0x0000000085c00000, 0x0000000085c00000| Untracked 
|  29|0x0000000085d00000, 0x0000000085d00000, 0x0000000085e00000|  0%| F|  |TAMS 0x0000000085d00000, 0x0000000085d00000| Untracked 
|  30|0x0000000085e00000, 0x0000000085e00000, 0x0000000085f00000|  0%| F|  |TAMS 0x0000000085e00000, 0x0000000085e00000| Untracked 
|  31|0x0000000085f00000, 0x0000000085f00000, 0x0000000086000000|  0%| F|  |TAMS 0x0000000085f00000, 0x0000000085f00000| Untracked 
|  32|0x0000000086000000, 0x0000000086000000, 0x0000000086100000|  0%| F|  |TAMS 0x0000000086000000, 0x0000000086000000| Untracked 
|  33|0x0000000086100000, 0x0000000086100000, 0x0000000086200000|  0%| F|  |TAMS 0x0000000086100000, 0x0000000086100000| Untracked 
|  34|0x0000000086200000, 0x0000000086200000, 0x0000000086300000|  0%| F|  |TAMS 0x0000000086200000, 0x0000000086200000| Untracked 
|  35|0x0000000086300000, 0x0000000086300000, 0x0000000086400000|  0%| F|  |TAMS 0x0000000086300000, 0x0000000086300000| Untracked 
|  36|0x0000000086400000, 0x0000000086400000, 0x0000000086500000|  0%| F|  |TAMS 0x0000000086400000, 0x0000000086400000| Untracked 
|  37|0x0000000086500000, 0x0000000086500000, 0x0000000086600000|  0%| F|  |TAMS 0x0000000086500000, 0x0000000086500000| Untracked 
|  38|0x0000000086600000, 0x0000000086600000, 0x0000000086700000|  0%| F|  |TAMS 0x0000000086600000, 0x0000000086600000| Untracked 
|  39|0x0000000086700000, 0x0000000086700000, 0x0000000086800000|  0%| F|  |TAMS 0x0000000086700000, 0x0000000086700000| Untracked 
|  40|0x0000000086800000, 0x0000000086800000, 0x0000000086900000|  0%| F|  |TAMS 0x0000000086800000, 0x0000000086800000| Untracked 
|  41|0x0000000086900000, 0x0000000086900000, 0x0000000086a00000|  0%| F|  |TAMS 0x0000000086900000, 0x0000000086900000| Untracked 
|  42|0x0000000086a00000, 0x0000000086a00000, 0x0000000086b00000|  0%| F|  |TAMS 0x0000000086a00000, 0x0000000086a00000| Untracked 
|  43|0x0000000086b00000, 0x0000000086b00000, 0x0000000086c00000|  0%| F|  |TAMS 0x0000000086b00000, 0x0000000086b00000| Untracked 
|  44|0x0000000086c00000, 0x0000000086c00000, 0x0000000086d00000|  0%| F|  |TAMS 0x0000000086c00000, 0x0000000086c00000| Untracked 
|  45|0x0000000086d00000, 0x0000000086d00000, 0x0000000086e00000|  0%| F|  |TAMS 0x0000000086d00000, 0x0000000086d00000| Untracked 
|  46|0x0000000086e00000, 0x0000000086e00000, 0x0000000086f00000|  0%| F|  |TAMS 0x0000000086e00000, 0x0000000086e00000| Untracked 
|  47|0x0000000086f00000, 0x0000000086f00000, 0x0000000087000000|  0%| F|  |TAMS 0x0000000086f00000, 0x0000000086f00000| Untracked 
|  48|0x0000000087000000, 0x0000000087000000, 0x0000000087100000|  0%| F|  |TAMS 0x0000000087000000, 0x0000000087000000| Untracked 
|  49|0x0000000087100000, 0x0000000087100000, 0x0000000087200000|  0%| F|  |TAMS 0x0000000087100000, 0x0000000087100000| Untracked 
|  50|0x0000000087200000, 0x0000000087200000, 0x0000000087300000|  0%| F|  |TAMS 0x0000000087200000, 0x0000000087200000| Untracked 
|  51|0x0000000087300000, 0x0000000087300000, 0x0000000087400000|  0%| F|  |TAMS 0x0000000087300000, 0x0000000087300000| Untracked 
|  52|0x0000000087400000, 0x0000000087400000, 0x0000000087500000|  0%| F|  |TAMS 0x0000000087400000, 0x0000000087400000| Untracked 
|  53|0x0000000087500000, 0x0000000087500000, 0x0000000087600000|  0%| F|  |TAMS 0x0000000087500000, 0x0000000087500000| Untracked 
|  54|0x0000000087600000, 0x0000000087600000, 0x0000000087700000|  0%| F|  |TAMS 0x0000000087600000, 0x0000000087600000| Untracked 
|  55|0x0000000087700000, 0x0000000087700000, 0x0000000087800000|  0%| F|  |TAMS 0x0000000087700000, 0x0000000087700000| Untracked 
|  56|0x0000000087800000, 0x0000000087800000, 0x0000000087900000|  0%| F|  |TAMS 0x0000000087800000, 0x0000000087800000| Untracked 
|  57|0x0000000087900000, 0x0000000087900000, 0x0000000087a00000|  0%| F|  |TAMS 0x0000000087900000, 0x0000000087900000| Untracked 
|  58|0x0000000087a00000, 0x0000000087a00000, 0x0000000087b00000|  0%| F|  |TAMS 0x0000000087a00000, 0x0000000087a00000| Untracked 
|  59|0x0000000087b00000, 0x0000000087b00000, 0x0000000087c00000|  0%| F|  |TAMS 0x0000000087b00000, 0x0000000087b00000| Untracked 
|  60|0x0000000087c00000, 0x0000000087c00000, 0x0000000087d00000|  0%| F|  |TAMS 0x0000000087c00000, 0x0000000087c00000| Untracked 
|  61|0x0000000087d00000, 0x0000000087d00000, 0x0000000087e00000|  0%| F|  |TAMS 0x0000000087d00000, 0x0000000087d00000| Untracked 
|  62|0x0000000087e00000, 0x0000000087e00000, 0x0000000087f00000|  0%| F|  |TAMS 0x0000000087e00000, 0x0000000087e00000| Untracked 
|  63|0x0000000087f00000, 0x0000000087f00000, 0x0000000088000000|  0%| F|  |TAMS 0x0000000087f00000, 0x0000000087f00000| Untracked 
|  64|0x0000000088000000, 0x0000000088000000, 0x0000000088100000|  0%| F|  |TAMS 0x0000000088000000, 0x0000000088000000| Untracked 
|  65|0x0000000088100000, 0x0000000088100000, 0x0000000088200000|  0%| F|  |TAMS 0x0000000088100000, 0x0000000088100000| Untracked 
|  66|0x0000000088200000, 0x0000000088200000, 0x0000000088300000|  0%| F|  |TAMS 0x0000000088200000, 0x0000000088200000| Untracked 
|  67|0x0000000088300000, 0x0000000088300000, 0x0000000088400000|  0%| F|  |TAMS 0x0000000088300000, 0x0000000088300000| Untracked 
|  68|0x0000000088400000, 0x0000000088400000, 0x0000000088500000|  0%| F|  |TAMS 0x0000000088400000, 0x0000000088400000| Untracked 
|  69|0x0000000088500000, 0x00000000885daa20, 0x0000000088600000| 85%| E|  |TAMS 0x0000000088500000, 0x0000000088500000| Complete 
|  70|0x0000000088600000, 0x0000000088700000, 0x0000000088700000|100%| E|CS|TAMS 0x0000000088600000, 0x0000000088600000| Complete 
|  71|0x0000000088700000, 0x0000000088800000, 0x0000000088800000|100%| E|CS|TAMS 0x0000000088700000, 0x0000000088700000| Complete 
|  72|0x0000000088800000, 0x0000000088900000, 0x0000000088900000|100%| E|CS|TAMS 0x0000000088800000, 0x0000000088800000| Complete 
|  73|0x0000000088900000, 0x0000000088a00000, 0x0000000088a00000|100%| E|CS|TAMS 0x0000000088900000, 0x0000000088900000| Complete 
|  74|0x0000000088a00000, 0x0000000088b00000, 0x0000000088b00000|100%| E|CS|TAMS 0x0000000088a00000, 0x0000000088a00000| Complete 
|  75|0x0000000088b00000, 0x0000000088c00000, 0x0000000088c00000|100%| E|CS|TAMS 0x0000000088b00000, 0x0000000088b00000| Complete 
|  76|0x0000000088c00000, 0x0000000088d00000, 0x0000000088d00000|100%| E|CS|TAMS 0x0000000088c00000, 0x0000000088c00000| Complete 
|  77|0x0000000088d00000, 0x0000000088e00000, 0x0000000088e00000|100%| E|CS|TAMS 0x0000000088d00000, 0x0000000088d00000| Complete 
|  78|0x0000000088e00000, 0x0000000088f00000, 0x0000000088f00000|100%| E|CS|TAMS 0x0000000088e00000, 0x0000000088e00000| Complete 
|  79|0x0000000088f00000, 0x0000000089000000, 0x0000000089000000|100%| E|CS|TAMS 0x0000000088f00000, 0x0000000088f00000| Complete 
|  80|0x0000000089000000, 0x0000000089100000, 0x0000000089100000|100%| E|CS|TAMS 0x0000000089000000, 0x0000000089000000| Complete 
|  81|0x0000000089100000, 0x0000000089200000, 0x0000000089200000|100%| E|CS|TAMS 0x0000000089100000, 0x0000000089100000| Complete 
|  82|0x0000000089200000, 0x0000000089300000, 0x0000000089300000|100%| E|CS|TAMS 0x0000000089200000, 0x0000000089200000| Complete 
|  83|0x0000000089300000, 0x0000000089400000, 0x0000000089400000|100%| E|CS|TAMS 0x0000000089300000, 0x0000000089300000| Complete 
|  84|0x0000000089400000, 0x0000000089500000, 0x0000000089500000|100%| E|CS|TAMS 0x0000000089400000, 0x0000000089400000| Complete 
|  85|0x0000000089500000, 0x0000000089600000, 0x0000000089600000|100%| E|CS|TAMS 0x0000000089500000, 0x0000000089500000| Complete 
|  86|0x0000000089600000, 0x0000000089700000, 0x0000000089700000|100%| E|CS|TAMS 0x0000000089600000, 0x0000000089600000| Complete 
|  87|0x0000000089700000, 0x0000000089800000, 0x0000000089800000|100%| E|CS|TAMS 0x0000000089700000, 0x0000000089700000| Complete 
|  88|0x0000000089800000, 0x0000000089900000, 0x0000000089900000|100%| E|CS|TAMS 0x0000000089800000, 0x0000000089800000| Complete 
|  89|0x0000000089900000, 0x0000000089a00000, 0x0000000089a00000|100%| E|CS|TAMS 0x0000000089900000, 0x0000000089900000| Complete 
|  90|0x0000000089a00000, 0x0000000089b00000, 0x0000000089b00000|100%| E|CS|TAMS 0x0000000089a00000, 0x0000000089a00000| Complete 
|  91|0x0000000089b00000, 0x0000000089c00000, 0x0000000089c00000|100%| E|CS|TAMS 0x0000000089b00000, 0x0000000089b00000| Complete 
|  92|0x0000000089c00000, 0x0000000089d00000, 0x0000000089d00000|100%| E|CS|TAMS 0x0000000089c00000, 0x0000000089c00000| Complete 
|  93|0x0000000089d00000, 0x0000000089e00000, 0x0000000089e00000|100%| E|CS|TAMS 0x0000000089d00000, 0x0000000089d00000| Complete 
|  94|0x0000000089e00000, 0x0000000089f00000, 0x0000000089f00000|100%| E|CS|TAMS 0x0000000089e00000, 0x0000000089e00000| Complete 
|  95|0x0000000089f00000, 0x000000008a000000, 0x000000008a000000|100%| E|CS|TAMS 0x0000000089f00000, 0x0000000089f00000| Complete 
|  96|0x000000008a000000, 0x000000008a100000, 0x000000008a100000|100%| E|CS|TAMS 0x000000008a000000, 0x000000008a000000| Complete 
|  97|0x000000008a100000, 0x000000008a200000, 0x000000008a200000|100%| S|CS|TAMS 0x000000008a100000, 0x000000008a100000| Complete 
|  98|0x000000008a200000, 0x000000008a300000, 0x000000008a300000|100%| S|CS|TAMS 0x000000008a200000, 0x000000008a200000| Complete 
|  99|0x000000008a300000, 0x000000008a400000, 0x000000008a400000|100%| S|CS|TAMS 0x000000008a300000, 0x000000008a300000| Complete 
| 100|0x000000008a400000, 0x000000008a500000, 0x000000008a500000|100%| E|CS|TAMS 0x000000008a400000, 0x000000008a400000| Complete 
| 101|0x000000008a500000, 0x000000008a600000, 0x000000008a600000|100%| E|CS|TAMS 0x000000008a500000, 0x000000008a500000| Complete 
| 102|0x000000008a600000, 0x000000008a700000, 0x000000008a700000|100%| E|CS|TAMS 0x000000008a600000, 0x000000008a600000| Complete 
| 103|0x000000008a700000, 0x000000008a800000, 0x000000008a800000|100%| E|CS|TAMS 0x000000008a700000, 0x000000008a700000| Complete 
| 104|0x000000008a800000, 0x000000008a900000, 0x000000008a900000|100%| E|CS|TAMS 0x000000008a800000, 0x000000008a800000| Complete 
| 105|0x000000008a900000, 0x000000008aa00000, 0x000000008aa00000|100%| E|CS|TAMS 0x000000008a900000, 0x000000008a900000| Complete 
| 106|0x000000008aa00000, 0x000000008ab00000, 0x000000008ab00000|100%| E|CS|TAMS 0x000000008aa00000, 0x000000008aa00000| Complete 
| 107|0x000000008ab00000, 0x000000008ac00000, 0x000000008ac00000|100%| E|CS|TAMS 0x000000008ab00000, 0x000000008ab00000| Complete 
| 108|0x000000008ac00000, 0x000000008ad00000, 0x000000008ad00000|100%| E|CS|TAMS 0x000000008ac00000, 0x000000008ac00000| Complete 
| 109|0x000000008ad00000, 0x000000008ae00000, 0x000000008ae00000|100%| E|CS|TAMS 0x000000008ad00000, 0x000000008ad00000| Complete 
| 110|0x000000008ae00000, 0x000000008af00000, 0x000000008af00000|100%| E|CS|TAMS 0x000000008ae00000, 0x000000008ae00000| Complete 
| 111|0x000000008af00000, 0x000000008b000000, 0x000000008b000000|100%| E|CS|TAMS 0x000000008af00000, 0x000000008af00000| Complete 
| 112|0x000000008b000000, 0x000000008b100000, 0x000000008b100000|100%| E|CS|TAMS 0x000000008b000000, 0x000000008b000000| Complete 
| 113|0x000000008b100000, 0x000000008b200000, 0x000000008b200000|100%| E|CS|TAMS 0x000000008b100000, 0x000000008b100000| Complete 
| 114|0x000000008b200000, 0x000000008b300000, 0x000000008b300000|100%| E|CS|TAMS 0x000000008b200000, 0x000000008b200000| Complete 
| 115|0x000000008b300000, 0x000000008b400000, 0x000000008b400000|100%| E|CS|TAMS 0x000000008b300000, 0x000000008b300000| Complete 
| 116|0x000000008b400000, 0x000000008b500000, 0x000000008b500000|100%| E|CS|TAMS 0x000000008b400000, 0x000000008b400000| Complete 
| 117|0x000000008b500000, 0x000000008b600000, 0x000000008b600000|100%| E|CS|TAMS 0x000000008b500000, 0x000000008b500000| Complete 
| 118|0x000000008b600000, 0x000000008b700000, 0x000000008b700000|100%| E|CS|TAMS 0x000000008b600000, 0x000000008b600000| Complete 
| 119|0x000000008b700000, 0x000000008b800000, 0x000000008b800000|100%| E|CS|TAMS 0x000000008b700000, 0x000000008b700000| Complete 
| 120|0x000000008b800000, 0x000000008b900000, 0x000000008b900000|100%| E|CS|TAMS 0x000000008b800000, 0x000000008b800000| Complete 
| 121|0x000000008b900000, 0x000000008ba00000, 0x000000008ba00000|100%| E|CS|TAMS 0x000000008b900000, 0x000000008b900000| Complete 
| 122|0x000000008ba00000, 0x000000008bb00000, 0x000000008bb00000|100%| E|CS|TAMS 0x000000008ba00000, 0x000000008ba00000| Complete 
| 123|0x000000008bb00000, 0x000000008bc00000, 0x000000008bc00000|100%| E|CS|TAMS 0x000000008bb00000, 0x000000008bb00000| Complete 

Card table byte_map: [0x00000289c6470000,0x00000289c6850000] _byte_map_base: 0x00000289c6050000

Marking Bits (Prev, Next): (CMBitMap*) 0x00000289ae0f0f78, (CMBitMap*) 0x00000289ae0f0fb8
 Prev Bits: [0x00000289c6c30000, 0x00000289c8b30000)
 Next Bits: [0x00000289c8b30000, 0x00000289caa30000)

Polling page: 0x00000289ac6a0000

Metaspace:

Usage:
  Non-class:     14.58 MB capacity,    14.18 MB ( 97%) used,   330.69 KB (  2%) free+waste,    75.63 KB ( <1%) overhead. 
      Class:      2.56 MB capacity,     2.27 MB ( 88%) used,   263.55 KB ( 10%) free+waste,    40.69 KB (  2%) overhead. 
       Both:     17.14 MB capacity,    16.45 MB ( 96%) used,   594.24 KB (  3%) free+waste,   116.31 KB ( <1%) overhead. 

Virtual space:
  Non-class space:       16.00 MB reserved,      14.75 MB ( 92%) committed 
      Class space:        1.00 GB reserved,       2.63 MB ( <1%) committed 
             Both:        1.02 GB reserved,      17.38 MB (  2%) committed 

Chunk freelists:
   Non-Class:  50.00 KB
       Class:  0 bytes
        Both:  50.00 KB

MaxMetaspaceSize: 17179869184.00 GB
CompressedClassSpaceSize: 1.00 GB

CodeHeap 'non-profiled nmethods': size=120000Kb used=1339Kb max_used=1339Kb free=118660Kb
 bounds [0x00000289be090000, 0x00000289be300000, 0x00000289c55c0000]
CodeHeap 'profiled nmethods': size=120000Kb used=5788Kb max_used=5788Kb free=114211Kb
 bounds [0x00000289b6b60000, 0x00000289b7110000, 0x00000289be090000]
CodeHeap 'non-nmethods': size=5760Kb used=1463Kb max_used=1502Kb free=4296Kb
 bounds [0x00000289b65c0000, 0x00000289b6830000, 0x00000289b6b60000]
 total_blobs=4639 nmethods=2935 adapters=687
 compilation: enabled
              stopped_count=0, restarted_count=0
 full_count=0

Compilation events (20 events):
Event: 13.022 Thread 0x00000289cd52b800 2926       3       javafx.scene.Scene$MouseHandler::updateCursor (36 bytes)
Event: 13.023 Thread 0x00000289cd52b800 nmethod 2926 0x00000289b7103090 code [0x00000289b7103260, 0x00000289b71036a0]
Event: 13.025 Thread 0x00000289cd52b800 2927       3       java.lang.Math::toRadians (6 bytes)
Event: 13.025 Thread 0x00000289cd52b800 nmethod 2927 0x00000289b7103790 code [0x00000289b7103960, 0x00000289b7103a98]
Event: 13.397 Thread 0x00000289cd52b800 2928       3       javafx.scene.input.PickResult::<init> (53 bytes)
Event: 13.398 Thread 0x00000289cd52b800 nmethod 2928 0x00000289b7103b10 code [0x00000289b7103d40, 0x00000289b71046a0]
Event: 13.405 Thread 0x00000289cd52b800 2929       3       com.sun.glass.ui.View::notifyMouse (221 bytes)
Event: 13.408 Thread 0x00000289cd52b800 nmethod 2929 0x00000289b7104910 code [0x00000289b7104c40, 0x00000289b7106320]
Event: 13.408 Thread 0x00000289cd52b800 2930       3       com.sun.glass.ui.Window::handleMouseEvent (26 bytes)
Event: 13.408 Thread 0x00000289cd52b800 nmethod 2930 0x00000289b7106990 code [0x00000289b7106b40, 0x00000289b7106d70]
Event: 13.408 Thread 0x00000289cd52b800 2931       3       com.sun.javafx.tk.quantum.GlassViewEventHandler::access$500 (5 bytes)
Event: 13.408 Thread 0x00000289cd52b800 nmethod 2931 0x00000289b7106e90 code [0x00000289b7107040, 0x00000289b71071b0]
Event: 13.429 Thread 0x00000289cd525000 2932       4       java.lang.ThreadLocal::get (38 bytes)
Event: 13.434 Thread 0x00000289cd525000 nmethod 2932 0x00000289be1dde10 code [0x00000289be1ddfc0, 0x00000289be1de158]
Event: 13.434 Thread 0x00000289cd525000 2933       4       java.lang.ThreadLocal$ThreadLocalMap::getEntry (42 bytes)
Event: 13.435 Thread 0x00000289cd525000 nmethod 2933 0x00000289be1de310 code [0x00000289be1de4a0, 0x00000289be1de608]
Event: 13.439 Thread 0x00000289cd525000 2935       4       java.lang.invoke.LambdaForm$MH/0x0000000800ba0840::invoke (8 bytes)
Event: 13.440 Thread 0x00000289cd525000 nmethod 2935 0x00000289be1de710 code [0x00000289be1de8a0, 0x00000289be1de918]
Event: 13.440 Thread 0x00000289cd525000 2934       4       java.lang.invoke.Invokers$Holder::linkToTargetMethod (8 bytes)
Event: 13.441 Thread 0x00000289cd525000 nmethod 2934 0x00000289be1dea10 code [0x00000289be1deba0, 0x00000289be1dec38]

GC Heap History (2 events):
Event: 0.596 GC heap before
{Heap before GC invocations=0 (full 0):
 garbage-first heap   total 126976K, used 23552K [0x0000000084000000, 0x0000000100000000)
  region size 1024K, 24 young (24576K), 0 survivors (0K)
 Metaspace       used 7226K, capacity 8596K, committed 8832K, reserved 1056768K
  class space    used 880K, capacity 1067K, committed 1152K, reserved 1048576K
}
Event: 0.599 GC heap after
{Heap after GC invocations=1 (full 0):
 garbage-first heap   total 126976K, used 3371K [0x0000000084000000, 0x0000000100000000)
  region size 1024K, 3 young (3072K), 3 survivors (3072K)
 Metaspace       used 7226K, capacity 8596K, committed 8832K, reserved 1056768K
  class space    used 880K, capacity 1067K, committed 1152K, reserved 1048576K
}

Deoptimization events (20 events):
Event: 12.313 Thread 0x00000289ce80f800 DEOPT PACKING pc=0x00000289b6eaec87 sp=0x000000b55a0f86c0
Event: 12.313 Thread 0x00000289ce80f800 DEOPT UNPACKING pc=0x00000289b660845e sp=0x000000b55a0f7c60 mode 0
Event: 12.316 Thread 0x00000289ce80f800 DEOPT PACKING pc=0x00000289b6eaec87 sp=0x000000b55a0f84b0
Event: 12.316 Thread 0x00000289ce80f800 DEOPT UNPACKING pc=0x00000289b660845e sp=0x000000b55a0f7a50 mode 0
Event: 12.318 Thread 0x00000289ce80f800 DEOPT PACKING pc=0x00000289b6eaec87 sp=0x000000b55a0f84b0
Event: 12.318 Thread 0x00000289ce80f800 DEOPT UNPACKING pc=0x00000289b660845e sp=0x000000b55a0f7a50 mode 0
Event: 12.320 Thread 0x00000289ce80f800 DEOPT PACKING pc=0x00000289b6eaec87 sp=0x000000b55a0f84b0
Event: 12.320 Thread 0x00000289ce80f800 DEOPT UNPACKING pc=0x00000289b660845e sp=0x000000b55a0f7a50 mode 0
Event: 12.321 Thread 0x00000289ce80f800 DEOPT PACKING pc=0x00000289b6eaec87 sp=0x000000b55a0f82a0
Event: 12.321 Thread 0x00000289ce80f800 DEOPT UNPACKING pc=0x00000289b660845e sp=0x000000b55a0f7840 mode 0
Event: 12.322 Thread 0x00000289ce80f800 DEOPT PACKING pc=0x00000289b6eaec87 sp=0x000000b55a0f84b0
Event: 12.322 Thread 0x00000289ce80f800 DEOPT UNPACKING pc=0x00000289b660845e sp=0x000000b55a0f7a50 mode 0
Event: 12.325 Thread 0x00000289ce80f800 DEOPT PACKING pc=0x00000289b6eaec87 sp=0x000000b55a0f82a0
Event: 12.325 Thread 0x00000289ce80f800 DEOPT UNPACKING pc=0x00000289b660845e sp=0x000000b55a0f7840 mode 0
Event: 12.326 Thread 0x00000289ce80f800 DEOPT PACKING pc=0x00000289b6eaec87 sp=0x000000b55a0f84b0
Event: 12.326 Thread 0x00000289ce80f800 DEOPT UNPACKING pc=0x00000289b660845e sp=0x000000b55a0f7a50 mode 0
Event: 16.461 Thread 0x00000289d4e89000 Uncommon trap: trap_request=0xffffffbe fr.pc=0x00000289be1649f0 relative=0x0000000000000530
Event: 16.461 Thread 0x00000289d4e89000 Uncommon trap: reason=profile_predicate action=maybe_recompile pc=0x00000289be1649f0 method=java.io.WinNTFileSystem.normalize(Ljava/lang/String;)Ljava/lang/String; @ 25 c2
Event: 16.461 Thread 0x00000289d4e89000 DEOPT PACKING pc=0x00000289be1649f0 sp=0x000000b559afea40
Event: 16.461 Thread 0x00000289d4e89000 DEOPT UNPACKING pc=0x00000289b65c852f sp=0x000000b559afe9b8 mode 2

Classes unloaded (0 events):
No events

Classes redefined (0 events):
No events

Internal exceptions (20 events):
Event: 1.324 Thread 0x00000289ce80f800 Exception <a 'java/io/FileNotFoundException'{0x0000000089eef660}> (0x0000000089eef660) 
thrown [t:/workspace/open/src/hotspot/share/prims/jni.cpp, line 598]
Event: 1.324 Thread 0x00000289ce80f800 Exception <a 'java/io/FileNotFoundException'{0x0000000089ef0f50}> (0x0000000089ef0f50) 
thrown [t:/workspace/open/src/hotspot/share/prims/jni.cpp, line 598]
Event: 1.339 Thread 0x00000289ce80f800 Exception <a 'sun/nio/fs/WindowsException'{0x0000000089d93598}> (0x0000000089d93598) 
thrown [t:/workspace/open/src/hotspot/share/prims/jni.cpp, line 598]
Event: 1.365 Thread 0x00000289ce80f800 Exception <a 'java/lang/ClassNotFoundException'{0x0000000089b6b250}: com/sun/javafx/scene/control/skin/resources/controls> (0x0000000089b6b250) 
thrown [t:/workspace/open/src/hotspot/share/prims/jni.cpp, line 619]
Event: 1.366 Thread 0x00000289ce80f800 Exception <a 'java/lang/ClassNotFoundException'{0x0000000089b78d20}: com/sun/javafx/scene/control/skin/resources/controls_ru> (0x0000000089b78d20) 
thrown [t:/workspace/open/src/hotspot/share/prims/jni.cpp, line 619]
Event: 1.366 Thread 0x00000289ce80f800 Exception <a 'java/lang/ClassNotFoundException'{0x0000000089b7b618}: com/sun/javafx/scene/control/skin/resources/controls_ru_RU> (0x0000000089b7b618) 
thrown [t:/workspace/open/src/hotspot/share/prims/jni.cpp, line 619]
Event: 1.391 Thread 0x00000289ce80f800 Implicit null exception at 0x00000289be107a05 to 0x00000289be107bea
Event: 1.391 Thread 0x00000289ce80f800 Implicit null exception at 0x00000289be12292e to 0x00000289be123a52
Event: 1.393 Thread 0x00000289ce80f800 Implicit null exception at 0x00000289be0b2a2f to 0x00000289be0b2aad
Event: 1.395 Thread 0x00000289ce80f800 Exception <a 'java/lang/NoSuchMethodError'{0x0000000089af12f8}: 'void java.lang.invoke.DirectMethodHandle$Holder.invokeSpecial(java.lang.Object, java.lang.Object, java.lang.Object, java.lang.Object, java.lang.Object, java.lang.Object)'> (0x0000000089af12f8) 
thrown [t:/workspace/open/src/hotspot/share/interpreter/linkResolver.cpp, line 767]
Event: 1.476 Thread 0x00000289ce32b800 Exception <a 'java/lang/NoSuchMethodError'{0x000000008951ab68}: 'int java.lang.invoke.DirectMethodHandle$Holder.invokeStaticInit(java.lang.Object, java.lang.Object)'> (0x000000008951ab68) 
thrown [t:/workspace/open/src/hotspot/share/interpreter/linkResolver.cpp, line 767]
Event: 9.763 Thread 0x00000289ce80f800 Exception <a 'java/lang/NoSuchMethodError'{0x00000000892e0f70}: 'long java.lang.invoke.DirectMethodHandle$Holder.invokeStatic(java.lang.Object, java.lang.Object, java.lang.Object)'> (0x00000000892e0f70) 
thrown [t:/workspace/open/src/hotspot/share/interpreter/linkResolver.cpp, line 767]
Event: 9.764 Thread 0x00000289ce80f800 Exception <a 'java/lang/NoSuchMethodError'{0x00000000892e3ec0}: 'long java.lang.invoke.DirectMethodHandle$Holder.invokeStaticInit(java.lang.Object, java.lang.Object, java.lang.Object)'> (0x00000000892e3ec0) 
thrown [t:/workspace/open/src/hotspot/share/interpreter/linkResolver.cpp, line 767]
Event: 9.767 Thread 0x00000289ce80f800 Exception <a 'java/lang/NoSuchMethodError'{0x00000000892f84e8}: 'java.lang.Object java.lang.invoke.Invokers$Holder.linkToTargetMethod(java.lang.Object, long, java.lang.Object)'> (0x00000000892f84e8) 
thrown [t:/workspace/open/src/hotspot/share/interpreter/linkResolver.cpp, line 767]
Event: 9.805 Thread 0x00000289ce80f800 Exception <a 'java/lang/NoSuchMethodError'{0x0000000089102ee0}: 'java.lang.Object java.lang.invoke.DirectMethodHandle$Holder.invokeStatic(java.lang.Object, java.lang.Object, int, int, int, int, int, java.lang.Object)'> (0x0000000089102ee0) 
thrown [t:/workspace/open/src/hotspot/share/interpreter/linkResolver.cpp, line 767]
Event: 9.808 Thread 0x00000289ce80f800 Exception <a 'java/lang/NoSuchMethodError'{0x0000000089112770}: 'java.lang.Object java.lang.invoke.DirectMethodHandle$Holder.invokeStatic(java.lang.Object, java.lang.Object, java.lang.Object, int, int, int, int, int)'> (0x0000000089112770) 
thrown [t:/workspace/open/src/hotspot/share/interpreter/linkResolver.cpp, line 767]
Event: 9.808 Thread 0x00000289ce80f800 Exception <a 'java/lang/NoSuchMethodError'{0x00000000891188a8}: 'java.lang.Object java.lang.invoke.Invokers$Holder.linkToTargetMethod(java.lang.Object, java.lang.Object, int, int, int, int, int, java.lang.Object)'> (0x00000000891188a8) 
thrown [t:/workspace/open/src/hotspot/share/interpreter/linkResolver.cpp, line 767]
Event: 10.118 Thread 0x00000289ce80f800 Exception <a 'java/io/FileNotFoundException'{0x00000000891adaf0}> (0x00000000891adaf0) 
thrown [t:/workspace/open/src/hotspot/share/prims/jni.cpp, line 598]
Event: 10.301 Thread 0x00000289ce32b800 Exception <a 'java/lang/NoSuchMethodError'{0x000000008923e788}: 'java.lang.Object java.lang.invoke.DirectMethodHandle$Holder.invokeStaticInit(java.lang.Object, int)'> (0x000000008923e788) 
thrown [t:/workspace/open/src/hotspot/share/interpreter/linkResolver.cpp, line 767]
Event: 12.298 Thread 0x00000289ce80f800 Exception <a 'java/io/FileNotFoundException'{0x00000000889087d0}> (0x00000000889087d0) 
thrown [t:/workspace/open/src/hotspot/share/prims/jni.cpp, line 598]

Events (20 events):
Event: 16.459 loading class com/sun/javafx/font/PrismFontFile done
Event: 16.459 Executing VM operation: RevokeBias done
Event: 16.460 Executing VM operation: RevokeBias
Event: 16.460 Executing VM operation: RevokeBias done
Event: 16.460 Executing VM operation: RevokeBias
Event: 16.460 loading class com/sun/javafx/tk/quantum/QuantumRenderer
Event: 16.460 loading class com/sun/javafx/tk/quantum/QuantumRenderer done
Event: 16.460 Executing VM operation: RevokeBias done
Event: 16.460 Executing VM operation: RevokeBias
Event: 16.460 Executing VM operation: RevokeBias done
Event: 16.460 Executing VM operation: RevokeBias
Event: 16.461 Executing VM operation: RevokeBias done
Event: 16.461 Executing VM operation: RevokeBias
Event: 16.461 Executing VM operation: RevokeBias done
Event: 16.461 Thread 0x00000289d57fb800 Thread exited: 0x00000289d57fb800
Event: 16.461 loading class com/sun/javafx/tk/quantum/QuantumToolkit
Event: 16.461 loading class com/sun/javafx/tk/quantum/QuantumToolkit done
Event: 16.461 Thread 0x00000289d4e89000 Thread exited: 0x00000289d4e89000
Event: 16.461 Thread 0x00000289d57f9800 Thread exited: 0x00000289d57f9800
Event: 16.462 Executing VM operation: Exit


Dynamic libraries:
0x00007ff6fb7d0000 - 0x00007ff6fb7df000 	C:\Java\jdk-13.0.2\bin\java.exe
0x00007ffdf9710000 - 0x00007ffdf9908000 	C:\Windows\SYSTEM32\ntdll.dll
0x00007ffdf8a10000 - 0x00007ffdf8acd000 	C:\Windows\System32\KERNEL32.DLL
0x00007ffdf71a0000 - 0x00007ffdf746e000 	C:\Windows\System32\KERNELBASE.dll
0x00007ffdf7640000 - 0x00007ffdf7740000 	C:\Windows\System32\ucrtbase.dll
0x00007ffdf4210000 - 0x00007ffdf4225000 	C:\Java\jdk-13.0.2\bin\VCRUNTIME140.dll
0x00007ffdf1010000 - 0x00007ffdf1028000 	C:\Java\jdk-13.0.2\bin\jli.dll
0x00007ffdf7f90000 - 0x00007ffdf803e000 	C:\Windows\System32\ADVAPI32.dll
0x00007ffdf7e30000 - 0x00007ffdf7ece000 	C:\Windows\System32\msvcrt.dll
0x00007ffdf7ef0000 - 0x00007ffdf7f8c000 	C:\Windows\System32\sechost.dll
0x00007ffdf8040000 - 0x00007ffdf8165000 	C:\Windows\System32\RPCRT4.dll
0x00007ffdf7800000 - 0x00007ffdf79a0000 	C:\Windows\System32\USER32.dll
0x00007ffdf6fc0000 - 0x00007ffdf6fe2000 	C:\Windows\System32\win32u.dll
0x00007ffde3470000 - 0x00007ffde370a000 	C:\Windows\WinSxS\amd64_microsoft.windows.common-controls_6595b64144ccf1df_6.0.19041.1110_none_60b5254171f9507e\COMCTL32.dll
0x00007ffdf8cc0000 - 0x00007ffdf8cea000 	C:\Windows\System32\GDI32.dll
0x00007ffdf6ff0000 - 0x00007ffdf70fb000 	C:\Windows\System32\gdi32full.dll
0x00007ffdf7100000 - 0x00007ffdf719d000 	C:\Windows\System32\msvcp_win.dll
0x00007ffdf0c00000 - 0x00007ffdf0c0a000 	C:\Windows\SYSTEM32\VERSION.dll
0x00007ffdf96a0000 - 0x00007ffdf96d0000 	C:\Windows\System32\IMM32.DLL
0x00007ffde4710000 - 0x00007ffde47ab000 	C:\Java\jdk-13.0.2\bin\msvcp140.dll
0x00007ffd80520000 - 0x00007ffd8107d000 	C:\Java\jdk-13.0.2\bin\server\jvm.dll
0x00007ffdf8cf0000 - 0x00007ffdf8cf8000 	C:\Windows\System32\PSAPI.DLL
0x00007ffdddd40000 - 0x00007ffdddd67000 	C:\Windows\SYSTEM32\WINMM.dll
0x00007ffdf19f0000 - 0x00007ffdf19f9000 	C:\Windows\SYSTEM32\WSOCK32.dll
0x00007ffdf88c0000 - 0x00007ffdf892b000 	C:\Windows\System32\WS2_32.dll
0x00007ffdf56b0000 - 0x00007ffdf56c2000 	C:\Windows\SYSTEM32\kernel.appcore.dll
0x00007ffdf2770000 - 0x00007ffdf2780000 	C:\Java\jdk-13.0.2\bin\verify.dll
0x00007ffdf4ac0000 - 0x00007ffdf4ca4000 	C:\Windows\SYSTEM32\DBGHELP.DLL
0x00007ffdef2d0000 - 0x00007ffdef2fc000 	C:\Windows\SYSTEM32\dbgcore.DLL
0x00007ffdf6ee0000 - 0x00007ffdf6f62000 	C:\Windows\System32\bcryptPrimitives.dll
0x00007ffdf04f0000 - 0x00007ffdf0516000 	C:\Java\jdk-13.0.2\bin\java.dll
0x00007ffdf04c0000 - 0x00007ffdf04ce000 	C:\Java\jdk-13.0.2\bin\instrument.dll
0x00007ffdf04d0000 - 0x00007ffdf04e7000 	C:\Java\jdk-13.0.2\bin\zip.dll
0x00007ffdf1a00000 - 0x00007ffdf1a0a000 	C:\Java\jdk-13.0.2\bin\jimage.dll
0x00007ffdf8170000 - 0x00007ffdf88b3000 	C:\Windows\System32\SHELL32.dll
0x00007ffdf4f00000 - 0x00007ffdf5695000 	C:\Windows\SYSTEM32\windows.storage.dll
0x00007ffdf7ad0000 - 0x00007ffdf7e24000 	C:\Windows\System32\combase.dll
0x00007ffdf67c0000 - 0x00007ffdf67f0000 	C:\Windows\SYSTEM32\Wldp.dll
0x00007ffdf8d00000 - 0x00007ffdf8dad000 	C:\Windows\System32\SHCORE.dll
0x00007ffdf9440000 - 0x00007ffdf9495000 	C:\Windows\System32\shlwapi.dll
0x00007ffdf6d70000 - 0x00007ffdf6d8f000 	C:\Windows\SYSTEM32\profapi.dll
0x00007ffdefed0000 - 0x00007ffdefee9000 	C:\Java\jdk-13.0.2\bin\net.dll
0x00007ffde9d80000 - 0x00007ffde9e8a000 	C:\Windows\SYSTEM32\WINHTTP.dll
0x00007ffdf6520000 - 0x00007ffdf658a000 	C:\Windows\system32\mswsock.dll
0x00007ffdefeb0000 - 0x00007ffdefec3000 	C:\Java\jdk-13.0.2\bin\nio.dll
0x00007ffdeeef0000 - 0x00007ffdeef0a000 	D:\Soft for Develope\IntelliJ IDEA 2021.2.3 Ultimate\IntelliJ IDEA 2021.2.3\bin\breakgen64.dll
0x00000289cea40000 - 0x00000289cea43000 	C:\Java\jdk-13.0.2\bin\api-ms-win-core-console-l1-1-0.dll
0x00000289cea50000 - 0x00000289cea53000 	C:\Java\jdk-13.0.2\bin\api-ms-win-core-datetime-l1-1-0.dll
0x00000289cea60000 - 0x00000289cea63000 	C:\Java\jdk-13.0.2\bin\api-ms-win-core-debug-l1-1-0.dll
0x00000289cea70000 - 0x00000289cea73000 	C:\Java\jdk-13.0.2\bin\api-ms-win-core-errorhandling-l1-1-0.dll
0x00000289cea80000 - 0x00000289cea84000 	C:\Java\jdk-13.0.2\bin\api-ms-win-core-file-l1-1-0.dll
0x00000289cea90000 - 0x00000289cea93000 	C:\Java\jdk-13.0.2\bin\api-ms-win-core-file-l1-2-0.dll
0x00000289ceaa0000 - 0x00000289ceaa3000 	C:\Java\jdk-13.0.2\bin\api-ms-win-core-file-l2-1-0.dll
0x00000289ceab0000 - 0x00000289ceab3000 	C:\Java\jdk-13.0.2\bin\api-ms-win-core-handle-l1-1-0.dll
0x00000289ceac0000 - 0x00000289ceac3000 	C:\Java\jdk-13.0.2\bin\api-ms-win-core-heap-l1-1-0.dll
0x00000289cead0000 - 0x00000289cead3000 	C:\Java\jdk-13.0.2\bin\api-ms-win-core-interlocked-l1-1-0.dll
0x00000289ceae0000 - 0x00000289ceae3000 	C:\Java\jdk-13.0.2\bin\api-ms-win-core-libraryloader-l1-1-0.dll
0x00000289ceaf0000 - 0x00000289ceaf3000 	C:\Java\jdk-13.0.2\bin\api-ms-win-core-localization-l1-2-0.dll
0x00000289ceb00000 - 0x00000289ceb03000 	C:\Java\jdk-13.0.2\bin\api-ms-win-core-memory-l1-1-0.dll
0x00000289ceb10000 - 0x00000289ceb13000 	C:\Java\jdk-13.0.2\bin\api-ms-win-core-namedpipe-l1-1-0.dll
0x00000289ceb20000 - 0x00000289ceb23000 	C:\Java\jdk-13.0.2\bin\api-ms-win-core-processenvironment-l1-1-0.dll
0x00000289ceb30000 - 0x00000289ceb33000 	C:\Java\jdk-13.0.2\bin\api-ms-win-core-processthreads-l1-1-0.dll
0x00000289ceb40000 - 0x00000289ceb43000 	C:\Java\jdk-13.0.2\bin\api-ms-win-core-processthreads-l1-1-1.dll
0x00000289ceb50000 - 0x00000289ceb53000 	C:\Java\jdk-13.0.2\bin\api-ms-win-core-profile-l1-1-0.dll
0x00000289ceb60000 - 0x00000289ceb63000 	C:\Java\jdk-13.0.2\bin\api-ms-win-core-rtlsupport-l1-1-0.dll
0x00000289ceb70000 - 0x00000289ceb73000 	C:\Java\jdk-13.0.2\bin\api-ms-win-core-string-l1-1-0.dll
0x00000289ceb80000 - 0x00000289ceb83000 	C:\Java\jdk-13.0.2\bin\api-ms-win-core-synch-l1-1-0.dll
0x00000289ceb90000 - 0x00000289ceb93000 	C:\Java\jdk-13.0.2\bin\api-ms-win-core-synch-l1-2-0.dll
0x00000289ceba0000 - 0x00000289ceba3000 	C:\Java\jdk-13.0.2\bin\api-ms-win-core-sysinfo-l1-1-0.dll
0x00000289cebb0000 - 0x00000289cebb3000 	C:\Java\jdk-13.0.2\bin\api-ms-win-core-timezone-l1-1-0.dll
0x00000289cebc0000 - 0x00000289cebc3000 	C:\Java\jdk-13.0.2\bin\api-ms-win-core-util-l1-1-0.dll
0x00000289cebd0000 - 0x00000289cebd3000 	C:\Java\jdk-13.0.2\bin\api-ms-win-crt-conio-l1-1-0.dll
0x00000289cebe0000 - 0x00000289cebe4000 	C:\Java\jdk-13.0.2\bin\api-ms-win-crt-convert-l1-1-0.dll
0x00000289cebf0000 - 0x00000289cebf3000 	C:\Java\jdk-13.0.2\bin\api-ms-win-crt-environment-l1-1-0.dll
0x00000289cec00000 - 0x00000289cec03000 	C:\Java\jdk-13.0.2\bin\api-ms-win-crt-filesystem-l1-1-0.dll
0x00000289cec10000 - 0x00000289cec13000 	C:\Java\jdk-13.0.2\bin\api-ms-win-crt-heap-l1-1-0.dll
0x00000289cec20000 - 0x00000289cec23000 	C:\Java\jdk-13.0.2\bin\api-ms-win-crt-locale-l1-1-0.dll
0x00000289cec30000 - 0x00000289cec35000 	C:\Java\jdk-13.0.2\bin\api-ms-win-crt-math-l1-1-0.dll
0x00000289cec40000 - 0x00000289cec45000 	C:\Java\jdk-13.0.2\bin\api-ms-win-crt-multibyte-l1-1-0.dll
0x00000289cec50000 - 0x00000289cec60000 	C:\Java\jdk-13.0.2\bin\api-ms-win-crt-private-l1-1-0.dll
0x00000289cec60000 - 0x00000289cec63000 	C:\Java\jdk-13.0.2\bin\api-ms-win-crt-process-l1-1-0.dll
0x00000289cec70000 - 0x00000289cec74000 	C:\Java\jdk-13.0.2\bin\api-ms-win-crt-runtime-l1-1-0.dll
0x00000289cec80000 - 0x00000289cec84000 	C:\Java\jdk-13.0.2\bin\api-ms-win-crt-stdio-l1-1-0.dll
0x00000289cec90000 - 0x00000289cec94000 	C:\Java\jdk-13.0.2\bin\api-ms-win-crt-string-l1-1-0.dll
0x00000289ceca0000 - 0x00000289ceca3000 	C:\Java\jdk-13.0.2\bin\api-ms-win-crt-time-l1-1-0.dll
0x00000289cecb0000 - 0x00000289cecb3000 	C:\Java\jdk-13.0.2\bin\api-ms-win-crt-utility-l1-1-0.dll
0x00007ffdcbc20000 - 0x00007ffdcbd1c000 	C:\Java\jdk-13.0.2\bin\ucrtbase.dll
0x00007ffdd0420000 - 0x00007ffdd046e000 	C:\Windows\System32\concrt140.dll
0x00007ffde2d70000 - 0x00007ffde2d7c000 	C:\Windows\SYSTEM32\VCRUNTIME140_1.dll
0x00007ffde05d0000 - 0x00007ffde05f3000 	C:\Users\Никита\.openjfx\cache\11-ea\prism_d3d.dll
0x00007ffdacd90000 - 0x00007ffdacf5f000 	C:\Windows\system32\d3d9.dll
0x00007ffdf4790000 - 0x00007ffdf47bf000 	C:\Windows\SYSTEM32\dwmapi.dll
0x00007ffdf4490000 - 0x00007ffdf452e000 	C:\Windows\system32\uxtheme.dll
0x00007ffdf79a0000 - 0x00007ffdf7aca000 	C:\Windows\System32\ole32.dll
0x00007ffdf8940000 - 0x00007ffdf8a0d000 	C:\Windows\System32\OLEAUT32.dll
0x00007ffdf6f70000 - 0x00007ffdf6fbe000 	C:\Windows\System32\cfgmgr32.dll
0x00007ffdf7740000 - 0x00007ffdf7767000 	C:\Windows\System32\bcrypt.dll
0x00007ffdcf740000 - 0x00007ffdcf785000 	C:\Users\Никита\.openjfx\cache\11-ea\glass.dll
0x00007ffdf8be0000 - 0x00007ffdf8cba000 	C:\Windows\System32\COMDLG32.dll
0x00007ffdf9500000 - 0x00007ffdf9615000 	C:\Windows\System32\MSCTF.dll
0x00007ffdec280000 - 0x00007ffdec2bb000 	C:\Windows\SYSTEM32\dxcore.dll
0x00007ffdee000000 - 0x00007ffdee014000 	C:\Users\Никита\.openjfx\cache\11-ea\javafx_font.dll
0x00007ffdd9ef0000 - 0x00007ffdda16f000 	C:\Windows\SYSTEM32\dwrite.dll
0x00007ffdf6720000 - 0x00007ffdf6738000 	C:\Windows\SYSTEM32\CRYPTSP.dll
0x00007ffdf5ea0000 - 0x00007ffdf5ed4000 	C:\Windows\system32\rsaenh.dll
0x00007ffdf6cf0000 - 0x00007ffdf6d1e000 	C:\Windows\SYSTEM32\USERENV.dll
0x00007ffdf6710000 - 0x00007ffdf671c000 	C:\Windows\SYSTEM32\CRYPTBASE.dll
0x00007ffdf6210000 - 0x00007ffdf624b000 	C:\Windows\SYSTEM32\IPHLPAPI.DLL
0x00007ffdf8930000 - 0x00007ffdf8938000 	C:\Windows\System32\NSI.dll
0x00007ffdedf70000 - 0x00007ffdedf87000 	C:\Windows\SYSTEM32\dhcpcsvc6.DLL
0x00007ffdee5e0000 - 0x00007ffdee5fd000 	C:\Windows\SYSTEM32\dhcpcsvc.DLL
0x00007ffdf6250000 - 0x00007ffdf631a000 	C:\Windows\SYSTEM32\DNSAPI.dll
0x00007ffdf8b30000 - 0x00007ffdf8bd9000 	C:\Windows\System32\clbcatq.dll
0x00007ffdef110000 - 0x00007ffdef2c4000 	C:\Windows\SYSTEM32\WindowsCodecs.dll
0x00007ffdce790000 - 0x00007ffdce7ce000 	C:\Windows\system32\dataexchange.dll
0x00007ffdf3910000 - 0x00007ffdf3af4000 	C:\Windows\system32\dcomp.dll
0x00007ffdf2c00000 - 0x00007ffdf2e63000 	C:\Windows\system32\d3d11.dll
0x00007ffdf5720000 - 0x00007ffdf5813000 	C:\Windows\system32\dxgi.dll
0x00007ffdefaa0000 - 0x00007ffdefca0000 	C:\Windows\system32\twinapi.appcore.dll
0x00007ffdd4e00000 - 0x00007ffdd4e34000 	C:\Program Files\Common Files\Microsoft Shared\Ink\rtscom.dll
0x00007ffdde500000 - 0x00007ffdde5f9000 	C:\Windows\SYSTEM32\textinputframework.dll
0x00007ffdf3c40000 - 0x00007ffdf3f9e000 	C:\Windows\System32\CoreUIComponents.dll
0x00007ffdf40a0000 - 0x00007ffdf4192000 	C:\Windows\System32\CoreMessaging.dll
0x00007ffdf5b30000 - 0x00007ffdf5b63000 	C:\Windows\SYSTEM32\ntmarta.dll
0x00007ffdf3430000 - 0x00007ffdf3584000 	C:\Windows\SYSTEM32\wintypes.dll
0x00007ffdf2e70000 - 0x00007ffdf3430000 	C:\Windows\SYSTEM32\d2d1.dll
0x00007ffdec300000 - 0x00007ffdec9f6000 	C:\Windows\SYSTEM32\D3D10Warp.dll

dbghelp: loaded successfully - version: 4.0.5 - missing functions: none
symbol engine: initialized successfully - sym options: 0x614 - pdb path: .;C:\Java\jdk-13.0.2\bin;C:\Windows\SYSTEM32;C:\Windows\WinSxS\amd64_microsoft.windows.common-controls_6595b64144ccf1df_6.0.19041.1110_none_60b5254171f9507e;C:\Java\jdk-13.0.2\bin\server;D:\Soft for Develope\IntelliJ IDEA 2021.2.3 Ultimate\IntelliJ IDEA 2021.2.3\bin;C:\Users\Никита\.openjfx\cache\11-ea;C:\Windows\System32\DriverStore\FileRepository\iigd_dch.inf_amd64_bc89636c592ed116;C:\Program Files\Common Files\Microsoft Shared\Ink

VM Arguments:
jvm_args: -javaagent:D:\Soft for Develope\IntelliJ IDEA 2021.2.3 Ultimate\IntelliJ IDEA 2021.2.3\lib\idea_rt.jar=51964:D:\Soft for Develope\IntelliJ IDEA 2021.2.3 Ultimate\IntelliJ IDEA 2021.2.3\bin -Dfile.encoding=UTF-8 --module-path=C:\Users\Никита\.m2\repository\org\controlsfx\controlsfx\11.1.0\controlsfx-11.1.0.jar;C:\Users\Никита\.m2\repository\net\synedra\validatorfx\0.1.13\validatorfx-0.1.13.jar;C:\Users\Никита\.m2\repository\org\openjfx\javafx-graphics\11-ea+24\javafx-graphics-11-ea+24-win.jar;C:\Users\Никита\.m2\repository\org\openjfx\javafx-base\11-ea+24\javafx-base-11-ea+24-win.jar;C:\Users\Никита\.m2\repository\com\dlsc\formsfx\formsfx-core\11.3.2\formsfx-core-11.3.2.jar;C:\Users\Никита\.m2\repository\org\kordamp\bootstrapfx\bootstrapfx-core\0.4.0\bootstrapfx-core-0.4.0.jar;C:\Users\Никита\.m2\repository\org\openjfx\javafx-fxml\13.0.2\javafx-fxml-13.0.2-win.jar;C:\Users\Никита\.m2\repository\org\openjfx\javafx-controls\13.0.2\javafx-controls-13.0.2-win.jar;D:\Application\IdeaProjects\javaFX\Учет пациентов в поликлинике\target\classes -Djdk.module.main=com.example.polyclinic 
java_command: com.example.polyclinic/controllers.MainClient
java_class_path (initial): C:\Users\Никита\.m2\repository\com\google\code\gson\gson\2.9.0\gson-2.9.0.jar;C:\Users\Никита\.m2\repository\org\openjfx\javafx-swing\11-ea+24\javafx-swing-11-ea+24.jar;C:\Users\Никита\.m2\repository\org\openjfx\javafx-swing\11-ea+24\javafx-swing-11-ea+24-win.jar;C:\Users\Никита\.m2\repository\org\openjfx\javafx-graphics\11-ea+24\javafx-graphics-11-ea+24.jar;C:\Users\Никита\.m2\repository\org\openjfx\javafx-base\11-ea+24\javafx-base-11-ea+24.jar;C:\Users\Никита\.m2\repository\commons-validator\commons-validator\1.7\commons-validator-1.7.jar;C:\Users\Никита\.m2\repository\commons-beanutils\commons-beanutils\1.9.4\commons-beanutils-1.9.4.jar;C:\Users\Никита\.m2\repository\commons-digester\commons-digester\2.1\commons-digester-2.1.jar;C:\Users\Никита\.m2\repository\commons-logging\commons-logging\1.2\commons-logging-1.2.jar;C:\Users\Никита\.m2\repository\commons-collections\commons-collections\3.2.2\commons-collections-3.2.2.jar;C:\Users\Никита\.m2\repository\org\openjfx\javafx-controls\13.0.2\javafx-controls-13.0.2.jar;C:\Users\Никита\.m2\repository\org\openjfx\javafx-fxml\13.0.2\javafx-fxml-13.0.2.jar;C:\Users\Никита\.m2\repository\org\kordamp\ikonli\ikonli-javafx\12.2.0\ikonli-javafx-12.2.0.jar;C:\Users\Никита\.m2\repository\org\kordamp\ikonli\ikonli-core\12.2.0\ikonli-core-12.2.0.jar;C:\Users\Никита\.m2\repository\de\jensd\fontawesomefx-fontawesome\4.7.0-9.1.2\fontawesomefx-fontawesome-4.7.0-9.1.2.jar;C:\Users\Никита\.m2\repository\de\jensd\fontawesomefx-commons\9.1.2\fontawesomefx-commons-9.1.2.jar
Launcher Type: SUN_STANDARD

[Global flags]
     intx CICompilerCount                          = 4                                         {product} {ergonomic}
     uint ConcGCThreads                            = 2                                         {product} {ergonomic}
     uint G1ConcRefinementThreads                  = 8                                         {product} {ergonomic}
   size_t G1HeapRegionSize                         = 1048576                                   {product} {ergonomic}
    uintx GCDrainStackTargetSize                   = 64                                        {product} {ergonomic}
   size_t InitialHeapSize                          = 130023424                                 {product} {ergonomic}
   size_t MarkStackSize                            = 4194304                                   {product} {ergonomic}
   size_t MaxHeapSize                              = 2080374784                                {product} {ergonomic}
   size_t MaxNewSize                               = 1247805440                                {product} {ergonomic}
   size_t MinHeapDeltaBytes                        = 1048576                                   {product} {ergonomic}
   size_t MinHeapSize                              = 8388608                                   {product} {ergonomic}
    uintx NonNMethodCodeHeapSize                   = 5839372                                {pd product} {ergonomic}
    uintx NonProfiledCodeHeapSize                  = 122909434                              {pd product} {ergonomic}
    uintx ProfiledCodeHeapSize                     = 122909434                              {pd product} {ergonomic}
    uintx ReservedCodeCacheSize                    = 251658240                              {pd product} {ergonomic}
     bool SegmentedCodeCache                       = true                                      {product} {ergonomic}
   size_t SoftMaxHeapSize                          = 2080374784                             {manageable} {ergonomic}
     bool UseCompressedClassPointers               = true                                 {lp64_product} {ergonomic}
     bool UseCompressedOops                        = true                                 {lp64_product} {ergonomic}
     bool UseG1GC                                  = true                                      {product} {ergonomic}
     bool UseLargePagesIndividualAllocation        = false                                  {pd product} {ergonomic}

Logging:
Log output configuration:
 #0: stdout all=off uptime,level,tags
 #1: stderr all=off uptime,level,tags

Environment Variables:
PATH=C:\Windows\system32;C:\Windows;C:\Windows\System32\Wbem;C:\Windows\System32\WindowsPowerShell\v1.0\;C:\Windows\System32\OpenSSH\;C:\Program Files\dotnet\;C:\Program Files\Microsoft SQL Server\130\Tools\Binn\;C:\Program Files\Microsoft SQL Server\Client SDK\ODBC\170\Tools\Binn\;D:\Soft for Develope\node js npm\;C:\Program Files\Git\cmd;C:\Program Files\MySQL\MySQL Shell 8.0\bin\;C:\Users\Никита\AppData\Local\Microsoft\WindowsApps;C:\Users\Никита\.dotnet\tools;D:\Soft for Develope\IntelliJ IDEA 2021.2.3 Ultimate\bin;;C:\Users\Никита\AppData\Roaming\npm
USERNAME=Никита
OS=Windows_NT
PROCESSOR_IDENTIFIER=Intel64 Family 6 Model 126 Stepping 5, GenuineIntel



---------------  S Y S T E M  ---------------

OS: Windows 10 , 64 bit Build 19041 (10.0.19041.1889)

CPU:total 8 (initial active 8) (4 cores per cpu, 2 threads per core) family 6 model 126 stepping 5, cmov, cx8, fxsr, mmx, sse, sse2, sse3, ssse3, sse4.1, sse4.2, popcnt, avx, avx2, aes, clmul, erms, 3dnowpref, lzcnt, ht, tsc, tscinvbit, bmi1, bmi2, adx, evex, sha, fma

Memory: 4k page, system-wide physical 7930M (1165M free)
TotalPageFile size 21242M (AvailPageFile size 12203M)
current process WorkingSet (physical memory assigned to process): 161M, peak: 184M
current process commit charge ("private bytes"): 270M, peak: 299M

vm_info: Java HotSpot(TM) 64-Bit Server VM (13.0.2+8) for windows-amd64 JRE (13.0.2+8), built on Dec 11 2019 09:20:33 by "mach5one" with unknown MS VC++:1916

END.
